mode: set
github.com/prismon/mcp-space-browser/docs/docs.go:272.13,274.2 1 0
github.com/prismon/mcp-space-browser/pkg/auth/config.go:68.53,99.22 2 0
github.com/prismon/mcp-space-browser/pkg/auth/config.go:99.22,101.17 2 0
github.com/prismon/mcp-space-browser/pkg/auth/config.go:101.17,103.27 1 0
github.com/prismon/mcp-space-browser/pkg/auth/config.go:103.27,105.5 1 0
github.com/prismon/mcp-space-browser/pkg/auth/config.go:106.9,107.55 1 0
github.com/prismon/mcp-space-browser/pkg/auth/config.go:107.55,109.5 1 0
github.com/prismon/mcp-space-browser/pkg/auth/config.go:114.2,117.47 2 0
github.com/prismon/mcp-space-browser/pkg/auth/config.go:117.47,119.3 1 0
github.com/prismon/mcp-space-browser/pkg/auth/config.go:122.2,122.49 1 0
github.com/prismon/mcp-space-browser/pkg/auth/config.go:122.49,124.3 1 0
github.com/prismon/mcp-space-browser/pkg/auth/config.go:126.2,126.20 1 0
github.com/prismon/mcp-space-browser/pkg/auth/config.go:130.40,132.50 1 0
github.com/prismon/mcp-space-browser/pkg/auth/config.go:132.50,134.3 1 0
github.com/prismon/mcp-space-browser/pkg/auth/config.go:135.2,135.50 1 0
github.com/prismon/mcp-space-browser/pkg/auth/config.go:135.50,137.3 1 0
github.com/prismon/mcp-space-browser/pkg/auth/config.go:138.2,138.75 1 0
github.com/prismon/mcp-space-browser/pkg/auth/config.go:138.75,140.3 1 0
github.com/prismon/mcp-space-browser/pkg/auth/config.go:141.2,141.60 1 0
github.com/prismon/mcp-space-browser/pkg/auth/config.go:141.60,143.3 1 0
github.com/prismon/mcp-space-browser/pkg/auth/config.go:146.2,146.56 1 0
github.com/prismon/mcp-space-browser/pkg/auth/config.go:146.56,148.3 1 0
github.com/prismon/mcp-space-browser/pkg/auth/config.go:151.2,151.56 1 0
github.com/prismon/mcp-space-browser/pkg/auth/config.go:151.56,153.3 1 0
github.com/prismon/mcp-space-browser/pkg/auth/config.go:156.2,156.57 1 0
github.com/prismon/mcp-space-browser/pkg/auth/config.go:156.57,158.3 1 0
github.com/prismon/mcp-space-browser/pkg/auth/config.go:159.2,159.70 1 0
github.com/prismon/mcp-space-browser/pkg/auth/config.go:159.70,161.3 1 0
github.com/prismon/mcp-space-browser/pkg/auth/config.go:162.2,162.60 1 0
github.com/prismon/mcp-space-browser/pkg/auth/config.go:162.60,164.3 1 0
github.com/prismon/mcp-space-browser/pkg/auth/config.go:165.2,165.54 1 0
github.com/prismon/mcp-space-browser/pkg/auth/config.go:165.54,167.3 1 0
github.com/prismon/mcp-space-browser/pkg/auth/config.go:168.2,168.60 1 0
github.com/prismon/mcp-space-browser/pkg/auth/config.go:168.60,170.3 1 0
github.com/prismon/mcp-space-browser/pkg/auth/config.go:171.2,171.58 1 0
github.com/prismon/mcp-space-browser/pkg/auth/config.go:171.58,173.3 1 0
github.com/prismon/mcp-space-browser/pkg/auth/config.go:174.2,174.61 1 0
github.com/prismon/mcp-space-browser/pkg/auth/config.go:174.61,176.3 1 0
github.com/prismon/mcp-space-browser/pkg/auth/config.go:177.2,177.73 1 0
github.com/prismon/mcp-space-browser/pkg/auth/config.go:177.73,179.3 1 0
github.com/prismon/mcp-space-browser/pkg/auth/config.go:180.2,180.70 1 0
github.com/prismon/mcp-space-browser/pkg/auth/config.go:180.70,182.3 1 0
github.com/prismon/mcp-space-browser/pkg/auth/config.go:185.2,185.50 1 0
github.com/prismon/mcp-space-browser/pkg/auth/config.go:185.50,187.3 1 0
github.com/prismon/mcp-space-browser/pkg/auth/config.go:191.43,192.25 1 0
github.com/prismon/mcp-space-browser/pkg/auth/config.go:192.25,193.31 1 0
github.com/prismon/mcp-space-browser/pkg/auth/config.go:193.31,195.4 1 0
github.com/prismon/mcp-space-browser/pkg/auth/config.go:196.3,196.33 1 0
github.com/prismon/mcp-space-browser/pkg/auth/config.go:196.33,198.4 1 0
github.com/prismon/mcp-space-browser/pkg/auth/config.go:201.2,201.12 1 0
github.com/prismon/mcp-space-browser/pkg/auth/config.go:205.50,207.2 1 0
github.com/prismon/mcp-space-browser/pkg/auth/context.go:15.78,17.2 1 0
github.com/prismon/mcp-space-browser/pkg/auth/context.go:20.66,23.2 2 0
github.com/prismon/mcp-space-browser/pkg/auth/mcp_integration.go:16.93,17.35 1 0
github.com/prismon/mcp-space-browser/pkg/auth/mcp_integration.go:17.36,21.3 0 0
github.com/prismon/mcp-space-browser/pkg/auth/mcp_integration.go:26.100,27.71 1 0
github.com/prismon/mcp-space-browser/pkg/auth/mcp_integration.go:27.71,31.23 2 0
github.com/prismon/mcp-space-browser/pkg/auth/mcp_integration.go:31.23,32.26 1 0
github.com/prismon/mcp-space-browser/pkg/auth/mcp_integration.go:32.26,39.5 5 0
github.com/prismon/mcp-space-browser/pkg/auth/mcp_integration.go:41.4,42.10 2 0
github.com/prismon/mcp-space-browser/pkg/auth/mcp_integration.go:46.3,47.18 2 0
github.com/prismon/mcp-space-browser/pkg/auth/mcp_integration.go:47.18,48.26 1 0
github.com/prismon/mcp-space-browser/pkg/auth/mcp_integration.go:48.26,54.5 5 0
github.com/prismon/mcp-space-browser/pkg/auth/mcp_integration.go:55.4,56.10 2 0
github.com/prismon/mcp-space-browser/pkg/auth/mcp_integration.go:60.3,61.17 2 0
github.com/prismon/mcp-space-browser/pkg/auth/mcp_integration.go:61.17,63.26 2 0
github.com/prismon/mcp-space-browser/pkg/auth/mcp_integration.go:63.26,69.5 5 0
github.com/prismon/mcp-space-browser/pkg/auth/mcp_integration.go:70.4,71.10 2 0
github.com/prismon/mcp-space-browser/pkg/auth/mcp_integration.go:75.3,79.23 4 0
github.com/prismon/mcp-space-browser/pkg/auth/mcp_integration.go:84.87,86.2 1 0
github.com/prismon/mcp-space-browser/pkg/auth/middleware.go:12.84,13.30 1 0
github.com/prismon/mcp-space-browser/pkg/auth/middleware.go:13.30,17.23 2 0
github.com/prismon/mcp-space-browser/pkg/auth/middleware.go:17.23,19.26 1 0
github.com/prismon/mcp-space-browser/pkg/auth/middleware.go:19.26,24.5 3 0
github.com/prismon/mcp-space-browser/pkg/auth/middleware.go:26.4,27.10 2 0
github.com/prismon/mcp-space-browser/pkg/auth/middleware.go:31.3,32.18 2 0
github.com/prismon/mcp-space-browser/pkg/auth/middleware.go:32.18,33.26 1 0
github.com/prismon/mcp-space-browser/pkg/auth/middleware.go:33.26,37.5 3 0
github.com/prismon/mcp-space-browser/pkg/auth/middleware.go:38.4,39.10 2 0
github.com/prismon/mcp-space-browser/pkg/auth/middleware.go:43.3,44.17 2 0
github.com/prismon/mcp-space-browser/pkg/auth/middleware.go:44.17,46.26 2 0
github.com/prismon/mcp-space-browser/pkg/auth/middleware.go:46.26,50.5 3 0
github.com/prismon/mcp-space-browser/pkg/auth/middleware.go:52.4,53.10 2 0
github.com/prismon/mcp-space-browser/pkg/auth/middleware.go:57.3,61.11 4 0
github.com/prismon/mcp-space-browser/pkg/auth/middleware.go:66.51,68.62 2 0
github.com/prismon/mcp-space-browser/pkg/auth/middleware.go:68.62,70.3 1 0
github.com/prismon/mcp-space-browser/pkg/auth/middleware.go:71.2,71.17 1 0
github.com/prismon/mcp-space-browser/pkg/auth/middleware.go:75.94,88.2 3 0
github.com/prismon/mcp-space-browser/pkg/auth/middleware.go:91.50,93.13 2 0
github.com/prismon/mcp-space-browser/pkg/auth/middleware.go:93.13,95.3 1 0
github.com/prismon/mcp-space-browser/pkg/auth/middleware.go:97.2,98.23 2 0
github.com/prismon/mcp-space-browser/pkg/auth/middleware.go:102.43,104.13 2 0
github.com/prismon/mcp-space-browser/pkg/auth/middleware.go:104.13,106.3 1 0
github.com/prismon/mcp-space-browser/pkg/auth/middleware.go:108.2,109.21 2 0
github.com/prismon/mcp-space-browser/pkg/auth/middleware.go:114.61,115.30 1 0
github.com/prismon/mcp-space-browser/pkg/auth/middleware.go:115.30,116.26 1 0
github.com/prismon/mcp-space-browser/pkg/auth/middleware.go:116.26,120.4 3 0
github.com/prismon/mcp-space-browser/pkg/auth/middleware.go:121.3,121.11 1 0
github.com/prismon/mcp-space-browser/pkg/auth/resource_metadata.go:22.104,23.75 1 0
github.com/prismon/mcp-space-browser/pkg/auth/resource_metadata.go:23.75,25.3 1 0
github.com/prismon/mcp-space-browser/pkg/auth/resource_metadata.go:29.90,31.20 2 0
github.com/prismon/mcp-space-browser/pkg/auth/resource_metadata.go:31.20,33.3 1 0
github.com/prismon/mcp-space-browser/pkg/auth/resource_metadata.go:35.2,43.30 2 0
github.com/prismon/mcp-space-browser/pkg/auth/resource_metadata.go:43.30,45.3 1 0
github.com/prismon/mcp-space-browser/pkg/auth/resource_metadata.go:47.2,53.49 6 0
github.com/prismon/mcp-space-browser/pkg/auth/resource_metadata.go:53.49,55.3 1 0
github.com/prismon/mcp-space-browser/pkg/auth/validator.go:19.13,21.2 1 0
github.com/prismon/mcp-space-browser/pkg/auth/validator.go:58.69,59.25 1 0
github.com/prismon/mcp-space-browser/pkg/auth/validator.go:59.25,61.3 1 0
github.com/prismon/mcp-space-browser/pkg/auth/validator.go:62.2,62.27 1 0
github.com/prismon/mcp-space-browser/pkg/auth/validator.go:62.27,64.3 1 0
github.com/prismon/mcp-space-browser/pkg/auth/validator.go:67.2,68.19 2 0
github.com/prismon/mcp-space-browser/pkg/auth/validator.go:68.19,71.3 2 0
github.com/prismon/mcp-space-browser/pkg/auth/validator.go:73.2,84.68 2 0
github.com/prismon/mcp-space-browser/pkg/auth/validator.go:84.68,86.3 1 0
github.com/prismon/mcp-space-browser/pkg/auth/validator.go:88.2,94.23 2 0
github.com/prismon/mcp-space-browser/pkg/auth/validator.go:98.81,101.53 2 0
github.com/prismon/mcp-space-browser/pkg/auth/validator.go:101.53,104.3 2 0
github.com/prismon/mcp-space-browser/pkg/auth/validator.go:107.2,108.16 2 0
github.com/prismon/mcp-space-browser/pkg/auth/validator.go:108.16,111.3 2 0
github.com/prismon/mcp-space-browser/pkg/auth/validator.go:113.2,113.18 1 0
github.com/prismon/mcp-space-browser/pkg/auth/validator.go:113.18,115.3 1 0
github.com/prismon/mcp-space-browser/pkg/auth/validator.go:118.2,119.9 2 0
github.com/prismon/mcp-space-browser/pkg/auth/validator.go:119.9,121.3 1 0
github.com/prismon/mcp-space-browser/pkg/auth/validator.go:124.2,125.28 2 0
github.com/prismon/mcp-space-browser/pkg/auth/validator.go:125.28,131.3 2 0
github.com/prismon/mcp-space-browser/pkg/auth/validator.go:134.2,134.33 1 0
github.com/prismon/mcp-space-browser/pkg/auth/validator.go:134.33,137.3 2 0
github.com/prismon/mcp-space-browser/pkg/auth/validator.go:140.2,146.43 2 0
github.com/prismon/mcp-space-browser/pkg/auth/validator.go:146.43,148.3 1 0
github.com/prismon/mcp-space-browser/pkg/auth/validator.go:149.2,149.47 1 0
github.com/prismon/mcp-space-browser/pkg/auth/validator.go:149.47,151.3 1 0
github.com/prismon/mcp-space-browser/pkg/auth/validator.go:152.2,152.45 1 0
github.com/prismon/mcp-space-browser/pkg/auth/validator.go:152.45,154.3 1 0
github.com/prismon/mcp-space-browser/pkg/auth/validator.go:155.2,155.44 1 0
github.com/prismon/mcp-space-browser/pkg/auth/validator.go:155.44,157.3 1 0
github.com/prismon/mcp-space-browser/pkg/auth/validator.go:158.2,158.44 1 0
github.com/prismon/mcp-space-browser/pkg/auth/validator.go:158.44,160.3 1 0
github.com/prismon/mcp-space-browser/pkg/auth/validator.go:163.2,163.27 1 0
github.com/prismon/mcp-space-browser/pkg/auth/validator.go:163.27,164.104 1 0
github.com/prismon/mcp-space-browser/pkg/auth/validator.go:164.104,166.4 1 0
github.com/prismon/mcp-space-browser/pkg/auth/validator.go:170.2,177.18 3 0
github.com/prismon/mcp-space-browser/pkg/auth/validator.go:181.70,183.9 2 0
github.com/prismon/mcp-space-browser/pkg/auth/validator.go:183.9,185.3 1 0
github.com/prismon/mcp-space-browser/pkg/auth/validator.go:187.2,187.30 1 0
github.com/prismon/mcp-space-browser/pkg/auth/validator.go:188.14,189.30 1 0
github.com/prismon/mcp-space-browser/pkg/auth/validator.go:190.21,191.28 1 0
github.com/prismon/mcp-space-browser/pkg/auth/validator.go:191.28,192.60 1 0
github.com/prismon/mcp-space-browser/pkg/auth/validator.go:192.60,194.5 1 0
github.com/prismon/mcp-space-browser/pkg/auth/validator.go:196.3,196.15 1 0
github.com/prismon/mcp-space-browser/pkg/auth/validator.go:197.10,198.15 1 0
github.com/prismon/mcp-space-browser/pkg/auth/validator.go:203.73,206.9 2 0
github.com/prismon/mcp-space-browser/pkg/auth/validator.go:206.9,208.3 1 0
github.com/prismon/mcp-space-browser/pkg/auth/validator.go:211.2,215.9 4 0
github.com/prismon/mcp-space-browser/pkg/auth/validator.go:215.9,218.61 2 0
github.com/prismon/mcp-space-browser/pkg/auth/validator.go:218.61,220.4 1 0
github.com/prismon/mcp-space-browser/pkg/auth/validator.go:222.3,226.10 4 0
github.com/prismon/mcp-space-browser/pkg/auth/validator.go:226.10,228.4 1 0
github.com/prismon/mcp-space-browser/pkg/auth/validator.go:232.2,233.41 2 0
github.com/prismon/mcp-space-browser/pkg/auth/validator.go:233.41,235.3 1 0
github.com/prismon/mcp-space-browser/pkg/auth/validator.go:237.2,237.20 1 0
github.com/prismon/mcp-space-browser/pkg/auth/validator.go:241.65,243.16 2 0
github.com/prismon/mcp-space-browser/pkg/auth/validator.go:243.16,245.3 1 0
github.com/prismon/mcp-space-browser/pkg/auth/validator.go:247.2,252.12 5 0
github.com/prismon/mcp-space-browser/pkg/auth/validator.go:256.37,259.2 2 0
github.com/prismon/mcp-space-browser/pkg/auth/validator.go:263.56,268.9 4 0
github.com/prismon/mcp-space-browser/pkg/auth/validator.go:268.9,270.3 1 0
github.com/prismon/mcp-space-browser/pkg/auth/validator.go:273.2,273.39 1 0
github.com/prismon/mcp-space-browser/pkg/auth/validator.go:273.39,275.3 1 0
github.com/prismon/mcp-space-browser/pkg/auth/validator.go:277.2,277.19 1 0
github.com/prismon/mcp-space-browser/pkg/auth/validator.go:280.62,290.27 4 0
github.com/prismon/mcp-space-browser/pkg/auth/validator.go:290.27,292.3 1 0
github.com/prismon/mcp-space-browser/pkg/auth/validator.go:295.32,300.37 4 0
github.com/prismon/mcp-space-browser/pkg/auth/validator.go:300.37,301.33 1 0
github.com/prismon/mcp-space-browser/pkg/auth/validator.go:301.33,303.4 1 0
github.com/prismon/mcp-space-browser/cmd/mcp-space-browser/main.go:50.13,52.2 1 0
github.com/prismon/mcp-space-browser/cmd/mcp-space-browser/main.go:55.23,58.16 3 0
github.com/prismon/mcp-space-browser/cmd/mcp-space-browser/main.go:58.16,60.3 1 0
github.com/prismon/mcp-space-browser/cmd/mcp-space-browser/main.go:63.2,63.27 1 0
github.com/prismon/mcp-space-browser/cmd/mcp-space-browser/main.go:63.27,65.50 2 0
github.com/prismon/mcp-space-browser/cmd/mcp-space-browser/main.go:65.50,67.4 1 0
github.com/prismon/mcp-space-browser/cmd/mcp-space-browser/main.go:70.2,70.12 1 0
github.com/prismon/mcp-space-browser/cmd/mcp-space-browser/main.go:73.13,175.42 27 0
github.com/prismon/mcp-space-browser/cmd/mcp-space-browser/main.go:175.42,178.3 2 0
github.com/prismon/mcp-space-browser/cmd/mcp-space-browser/main.go:181.54,190.16 4 0
github.com/prismon/mcp-space-browser/cmd/mcp-space-browser/main.go:190.16,194.3 3 0
github.com/prismon/mcp-space-browser/cmd/mcp-space-browser/main.go:196.2,197.16 2 0
github.com/prismon/mcp-space-browser/cmd/mcp-space-browser/main.go:197.16,201.3 3 0
github.com/prismon/mcp-space-browser/cmd/mcp-space-browser/main.go:202.2,205.69 2 0
github.com/prismon/mcp-space-browser/cmd/mcp-space-browser/main.go:205.69,209.3 1 0
github.com/prismon/mcp-space-browser/cmd/mcp-space-browser/main.go:211.2,211.14 1 0
github.com/prismon/mcp-space-browser/cmd/mcp-space-browser/main.go:211.14,228.17 5 0
github.com/prismon/mcp-space-browser/cmd/mcp-space-browser/main.go:228.17,233.4 4 0
github.com/prismon/mcp-space-browser/cmd/mcp-space-browser/main.go:234.3,236.57 1 0
github.com/prismon/mcp-space-browser/cmd/mcp-space-browser/main.go:237.8,241.17 3 0
github.com/prismon/mcp-space-browser/cmd/mcp-space-browser/main.go:241.17,246.4 4 0
github.com/prismon/mcp-space-browser/cmd/mcp-space-browser/main.go:247.3,249.57 1 0
github.com/prismon/mcp-space-browser/cmd/mcp-space-browser/main.go:252.2,255.43 1 0
github.com/prismon/mcp-space-browser/cmd/mcp-space-browser/main.go:258.51,266.16 4 0
github.com/prismon/mcp-space-browser/cmd/mcp-space-browser/main.go:266.16,270.3 3 0
github.com/prismon/mcp-space-browser/cmd/mcp-space-browser/main.go:272.2,273.16 2 0
github.com/prismon/mcp-space-browser/cmd/mcp-space-browser/main.go:273.16,277.3 3 0
github.com/prismon/mcp-space-browser/cmd/mcp-space-browser/main.go:278.2,281.16 3 0
github.com/prismon/mcp-space-browser/cmd/mcp-space-browser/main.go:281.16,285.3 3 0
github.com/prismon/mcp-space-browser/cmd/mcp-space-browser/main.go:287.2,288.16 2 0
github.com/prismon/mcp-space-browser/cmd/mcp-space-browser/main.go:288.16,292.3 3 0
github.com/prismon/mcp-space-browser/cmd/mcp-space-browser/main.go:294.2,294.18 1 0
github.com/prismon/mcp-space-browser/cmd/mcp-space-browser/main.go:294.18,301.3 3 0
github.com/prismon/mcp-space-browser/cmd/mcp-space-browser/main.go:303.2,309.25 2 0
github.com/prismon/mcp-space-browser/cmd/mcp-space-browser/main.go:319.53,327.16 4 0
github.com/prismon/mcp-space-browser/cmd/mcp-space-browser/main.go:327.16,331.3 3 0
github.com/prismon/mcp-space-browser/cmd/mcp-space-browser/main.go:333.2,334.16 2 0
github.com/prismon/mcp-space-browser/cmd/mcp-space-browser/main.go:334.16,338.3 3 0
github.com/prismon/mcp-space-browser/cmd/mcp-space-browser/main.go:339.2,346.19 3 0
github.com/prismon/mcp-space-browser/cmd/mcp-space-browser/main.go:346.19,348.17 2 0
github.com/prismon/mcp-space-browser/cmd/mcp-space-browser/main.go:348.17,352.4 3 0
github.com/prismon/mcp-space-browser/cmd/mcp-space-browser/main.go:353.3,353.20 1 0
github.com/prismon/mcp-space-browser/cmd/mcp-space-browser/main.go:356.2,356.19 1 0
github.com/prismon/mcp-space-browser/cmd/mcp-space-browser/main.go:356.19,358.17 2 0
github.com/prismon/mcp-space-browser/cmd/mcp-space-browser/main.go:358.17,362.4 3 0
github.com/prismon/mcp-space-browser/cmd/mcp-space-browser/main.go:363.3,363.20 1 0
github.com/prismon/mcp-space-browser/cmd/mcp-space-browser/main.go:366.2,366.61 1 0
github.com/prismon/mcp-space-browser/cmd/mcp-space-browser/main.go:366.61,370.3 3 0
github.com/prismon/mcp-space-browser/cmd/mcp-space-browser/main.go:372.2,375.35 1 0
github.com/prismon/mcp-space-browser/cmd/mcp-space-browser/main.go:378.104,380.16 2 0
github.com/prismon/mcp-space-browser/cmd/mcp-space-browser/main.go:380.16,382.3 1 0
github.com/prismon/mcp-space-browser/cmd/mcp-space-browser/main.go:384.2,385.16 2 0
github.com/prismon/mcp-space-browser/cmd/mcp-space-browser/main.go:385.16,387.3 1 0
github.com/prismon/mcp-space-browser/cmd/mcp-space-browser/main.go:389.2,389.18 1 0
github.com/prismon/mcp-space-browser/cmd/mcp-space-browser/main.go:389.18,392.3 2 0
github.com/prismon/mcp-space-browser/cmd/mcp-space-browser/main.go:395.2,395.13 1 0
github.com/prismon/mcp-space-browser/cmd/mcp-space-browser/main.go:395.13,396.63 1 0
github.com/prismon/mcp-space-browser/cmd/mcp-space-browser/main.go:396.63,398.4 1 0
github.com/prismon/mcp-space-browser/cmd/mcp-space-browser/main.go:399.3,399.63 1 0
github.com/prismon/mcp-space-browser/cmd/mcp-space-browser/main.go:399.63,401.4 1 0
github.com/prismon/mcp-space-browser/cmd/mcp-space-browser/main.go:404.2,408.16 4 0
github.com/prismon/mcp-space-browser/cmd/mcp-space-browser/main.go:408.16,410.3 1 0
github.com/prismon/mcp-space-browser/cmd/mcp-space-browser/main.go:413.2,413.48 1 0
github.com/prismon/mcp-space-browser/cmd/mcp-space-browser/main.go:413.48,415.34 2 0
github.com/prismon/mcp-space-browser/cmd/mcp-space-browser/main.go:415.34,416.64 1 0
github.com/prismon/mcp-space-browser/cmd/mcp-space-browser/main.go:416.64,417.13 1 0
github.com/prismon/mcp-space-browser/cmd/mcp-space-browser/main.go:419.4,419.64 1 0
github.com/prismon/mcp-space-browser/cmd/mcp-space-browser/main.go:419.64,420.13 1 0
github.com/prismon/mcp-space-browser/cmd/mcp-space-browser/main.go:422.4,422.38 1 0
github.com/prismon/mcp-space-browser/cmd/mcp-space-browser/main.go:424.3,424.22 1 0
github.com/prismon/mcp-space-browser/cmd/mcp-space-browser/main.go:428.2,428.23 1 0
github.com/prismon/mcp-space-browser/cmd/mcp-space-browser/main.go:428.23,429.44 1 0
github.com/prismon/mcp-space-browser/cmd/mcp-space-browser/main.go:429.44,431.23 2 0
github.com/prismon/mcp-space-browser/cmd/mcp-space-browser/main.go:432.16,433.53 1 0
github.com/prismon/mcp-space-browser/cmd/mcp-space-browser/main.go:434.17,435.55 1 0
github.com/prismon/mcp-space-browser/cmd/mcp-space-browser/main.go:436.16,437.83 1 0
github.com/prismon/mcp-space-browser/cmd/mcp-space-browser/main.go:438.12,439.23 1 0
github.com/prismon/mcp-space-browser/cmd/mcp-space-browser/main.go:441.4,441.22 1 0
github.com/prismon/mcp-space-browser/cmd/mcp-space-browser/main.go:441.22,443.5 1 0
github.com/prismon/mcp-space-browser/cmd/mcp-space-browser/main.go:444.4,444.22 1 0
github.com/prismon/mcp-space-browser/cmd/mcp-space-browser/main.go:448.2,453.33 2 0
github.com/prismon/mcp-space-browser/cmd/mcp-space-browser/main.go:453.33,454.76 1 0
github.com/prismon/mcp-space-browser/cmd/mcp-space-browser/main.go:454.76,456.4 1 0
github.com/prismon/mcp-space-browser/cmd/mcp-space-browser/main.go:459.2,459.12 1 0
github.com/prismon/mcp-space-browser/cmd/mcp-space-browser/main.go:462.51,464.44 1 0
github.com/prismon/mcp-space-browser/cmd/mcp-space-browser/main.go:464.44,465.36 1 0
github.com/prismon/mcp-space-browser/cmd/mcp-space-browser/main.go:465.36,469.4 3 0
github.com/prismon/mcp-space-browser/cmd/mcp-space-browser/main.go:470.3,470.40 1 0
github.com/prismon/mcp-space-browser/cmd/mcp-space-browser/main.go:474.2,475.16 2 0
github.com/prismon/mcp-space-browser/cmd/mcp-space-browser/main.go:475.16,479.3 3 0
github.com/prismon/mcp-space-browser/cmd/mcp-space-browser/main.go:481.2,482.33 2 0
github.com/prismon/mcp-space-browser/cmd/mcp-space-browser/main.go:482.33,483.54 1 0
github.com/prismon/mcp-space-browser/cmd/mcp-space-browser/main.go:483.54,485.4 1 0
github.com/prismon/mcp-space-browser/cmd/mcp-space-browser/main.go:485.9,487.4 1 0
github.com/prismon/mcp-space-browser/cmd/mcp-space-browser/main.go:490.2,497.14 2 0
github.com/prismon/mcp-space-browser/cmd/mcp-space-browser/main.go:497.14,499.3 1 0
github.com/prismon/mcp-space-browser/cmd/mcp-space-browser/main.go:500.2,500.16 1 0
github.com/prismon/mcp-space-browser/cmd/mcp-space-browser/main.go:500.16,502.3 1 0
github.com/prismon/mcp-space-browser/cmd/mcp-space-browser/main.go:503.2,503.24 1 0
github.com/prismon/mcp-space-browser/cmd/mcp-space-browser/main.go:503.24,505.3 1 0
github.com/prismon/mcp-space-browser/cmd/mcp-space-browser/main.go:506.2,506.18 1 0
github.com/prismon/mcp-space-browser/cmd/mcp-space-browser/main.go:506.18,508.3 1 0
github.com/prismon/mcp-space-browser/cmd/mcp-space-browser/main.go:508.8,508.31 1 0
github.com/prismon/mcp-space-browser/cmd/mcp-space-browser/main.go:508.31,511.3 1 0
github.com/prismon/mcp-space-browser/cmd/mcp-space-browser/main.go:514.2,515.33 2 0
github.com/prismon/mcp-space-browser/cmd/mcp-space-browser/main.go:515.33,516.96 1 0
github.com/prismon/mcp-space-browser/cmd/mcp-space-browser/main.go:516.96,518.4 1 0
github.com/prismon/mcp-space-browser/cmd/mcp-space-browser/main.go:518.9,520.4 1 0
github.com/prismon/mcp-space-browser/cmd/mcp-space-browser/main.go:521.3,521.53 1 0
github.com/prismon/mcp-space-browser/cmd/mcp-space-browser/main.go:525.2,525.85 1 0
github.com/prismon/mcp-space-browser/cmd/mcp-space-browser/main.go:525.85,527.3 1 0
github.com/prismon/mcp-space-browser/cmd/mcp-space-browser/main.go:529.2,539.16 3 0
github.com/prismon/mcp-space-browser/cmd/mcp-space-browser/main.go:539.16,543.3 3 0
github.com/prismon/mcp-space-browser/cmd/mcp-space-browser/main.go:544.2,547.71 2 0
github.com/prismon/mcp-space-browser/cmd/mcp-space-browser/main.go:547.71,551.3 3 0
github.com/prismon/mcp-space-browser/cmd/mcp-space-browser/main.go:554.52,558.16 3 0
github.com/prismon/mcp-space-browser/cmd/mcp-space-browser/main.go:558.16,562.3 3 0
github.com/prismon/mcp-space-browser/cmd/mcp-space-browser/main.go:564.2,565.16 2 0
github.com/prismon/mcp-space-browser/cmd/mcp-space-browser/main.go:565.16,569.3 3 0
github.com/prismon/mcp-space-browser/cmd/mcp-space-browser/main.go:570.2,573.16 3 0
github.com/prismon/mcp-space-browser/cmd/mcp-space-browser/main.go:573.16,577.3 3 0
github.com/prismon/mcp-space-browser/cmd/mcp-space-browser/main.go:579.2,579.20 1 0
github.com/prismon/mcp-space-browser/cmd/mcp-space-browser/main.go:579.20,582.3 2 0
github.com/prismon/mcp-space-browser/cmd/mcp-space-browser/main.go:584.2,587.27 3 0
github.com/prismon/mcp-space-browser/cmd/mcp-space-browser/main.go:587.27,596.3 2 0
github.com/prismon/mcp-space-browser/cmd/mcp-space-browser/main.go:599.54,602.16 3 0
github.com/prismon/mcp-space-browser/cmd/mcp-space-browser/main.go:602.16,605.3 2 0
github.com/prismon/mcp-space-browser/cmd/mcp-space-browser/main.go:607.2,610.16 3 0
github.com/prismon/mcp-space-browser/cmd/mcp-space-browser/main.go:610.16,614.3 3 0
github.com/prismon/mcp-space-browser/cmd/mcp-space-browser/main.go:616.2,617.16 2 0
github.com/prismon/mcp-space-browser/cmd/mcp-space-browser/main.go:617.16,621.3 3 0
github.com/prismon/mcp-space-browser/cmd/mcp-space-browser/main.go:622.2,625.16 3 0
github.com/prismon/mcp-space-browser/cmd/mcp-space-browser/main.go:625.16,629.3 3 0
github.com/prismon/mcp-space-browser/cmd/mcp-space-browser/main.go:631.2,631.16 1 0
github.com/prismon/mcp-space-browser/cmd/mcp-space-browser/main.go:631.16,634.3 2 0
github.com/prismon/mcp-space-browser/cmd/mcp-space-browser/main.go:636.2,642.26 6 0
github.com/prismon/mcp-space-browser/cmd/mcp-space-browser/main.go:642.26,644.3 1 0
github.com/prismon/mcp-space-browser/cmd/mcp-space-browser/main.go:646.2,646.28 1 0
github.com/prismon/mcp-space-browser/cmd/mcp-space-browser/main.go:646.28,649.27 2 0
github.com/prismon/mcp-space-browser/cmd/mcp-space-browser/main.go:649.27,652.4 2 0
github.com/prismon/mcp-space-browser/cmd/mcp-space-browser/main.go:655.2,655.22 1 0
github.com/prismon/mcp-space-browser/cmd/mcp-space-browser/main.go:655.22,657.3 1 0
github.com/prismon/mcp-space-browser/cmd/mcp-space-browser/main.go:659.2,659.25 1 0
github.com/prismon/mcp-space-browser/cmd/mcp-space-browser/main.go:659.25,661.3 1 0
github.com/prismon/mcp-space-browser/cmd/mcp-space-browser/main.go:664.50,665.22 1 0
github.com/prismon/mcp-space-browser/cmd/mcp-space-browser/main.go:665.22,667.3 1 0
github.com/prismon/mcp-space-browser/cmd/mcp-space-browser/main.go:668.2,668.29 1 0
github.com/prismon/mcp-space-browser/cmd/mcp-space-browser/main.go:671.42,675.2 3 0
github.com/prismon/mcp-space-browser/cmd/mcp-space-browser/main.go:678.34,679.18 1 0
github.com/prismon/mcp-space-browser/cmd/mcp-space-browser/main.go:679.18,681.3 1 0
github.com/prismon/mcp-space-browser/cmd/mcp-space-browser/main.go:684.2,684.24 1 0
github.com/prismon/mcp-space-browser/cmd/mcp-space-browser/main.go:684.24,685.36 1 0
github.com/prismon/mcp-space-browser/cmd/mcp-space-browser/main.go:685.36,687.4 1 0
github.com/prismon/mcp-space-browser/cmd/mcp-space-browser/main.go:690.2,690.40 1 0
github.com/prismon/mcp-space-browser/cmd/mcp-space-browser/main.go:693.53,694.35 1 0
github.com/prismon/mcp-space-browser/cmd/mcp-space-browser/main.go:694.35,698.3 3 0
github.com/prismon/mcp-space-browser/cmd/mcp-space-browser/main.go:701.2,701.49 1 0
github.com/prismon/mcp-space-browser/cmd/mcp-space-browser/main.go:701.49,705.3 3 0
github.com/prismon/mcp-space-browser/cmd/mcp-space-browser/main.go:707.2,716.52 10 0
github.com/prismon/mcp-space-browser/cmd/mcp-space-browser/main.go:719.53,720.35 1 0
github.com/prismon/mcp-space-browser/cmd/mcp-space-browser/main.go:720.35,724.3 3 0
github.com/prismon/mcp-space-browser/cmd/mcp-space-browser/main.go:726.2,727.16 2 0
github.com/prismon/mcp-space-browser/cmd/mcp-space-browser/main.go:727.16,730.3 2 0
github.com/prismon/mcp-space-browser/cmd/mcp-space-browser/main.go:732.2,749.16 14 0
github.com/prismon/mcp-space-browser/cmd/mcp-space-browser/main.go:749.16,751.3 1 0
github.com/prismon/mcp-space-browser/cmd/mcp-space-browser/main.go:751.8,760.3 8 0
github.com/prismon/mcp-space-browser/cmd/mcp-space-browser/main.go:763.54,764.35 1 0
github.com/prismon/mcp-space-browser/cmd/mcp-space-browser/main.go:764.35,768.3 3 0
github.com/prismon/mcp-space-browser/cmd/mcp-space-browser/main.go:770.2,773.48 2 0
github.com/prismon/mcp-space-browser/cmd/mcp-space-browser/main.go:773.48,777.3 3 0
github.com/prismon/mcp-space-browser/cmd/mcp-space-browser/main.go:778.2,781.16 2 0
github.com/prismon/mcp-space-browser/cmd/mcp-space-browser/main.go:781.16,783.49 2 0
github.com/prismon/mcp-space-browser/cmd/mcp-space-browser/main.go:783.49,787.4 3 0
github.com/prismon/mcp-space-browser/cmd/mcp-space-browser/main.go:788.3,788.54 1 0
github.com/prismon/mcp-space-browser/cmd/mcp-space-browser/main.go:788.54,792.4 3 0
github.com/prismon/mcp-space-browser/cmd/mcp-space-browser/main.go:793.3,793.45 1 0
github.com/prismon/mcp-space-browser/cmd/mcp-space-browser/main.go:796.2,796.36 1 0
github.com/prismon/mcp-space-browser/pkg/logger/logger.go:12.13,20.20 4 1
github.com/prismon/mcp-space-browser/pkg/logger/logger.go:20.20,21.13 1 1
github.com/prismon/mcp-space-browser/pkg/logger/logger.go:21.13,23.4 1 0
github.com/prismon/mcp-space-browser/pkg/logger/logger.go:23.9,25.4 1 1
github.com/prismon/mcp-space-browser/pkg/logger/logger.go:29.2,29.26 1 1
github.com/prismon/mcp-space-browser/pkg/logger/logger.go:29.26,31.3 1 0
github.com/prismon/mcp-space-browser/pkg/logger/logger.go:31.8,33.17 2 1
github.com/prismon/mcp-space-browser/pkg/logger/logger.go:33.17,35.4 1 0
github.com/prismon/mcp-space-browser/pkg/logger/logger.go:36.3,36.32 1 1
github.com/prismon/mcp-space-browser/pkg/logger/logger.go:40.2,46.36 2 1
github.com/prismon/mcp-space-browser/pkg/logger/logger.go:50.33,52.2 1 1
github.com/prismon/mcp-space-browser/pkg/logger/logger.go:55.42,57.2 1 1
github.com/prismon/mcp-space-browser/pkg/logger/logger.go:60.53,62.2 1 1
github.com/prismon/mcp-space-browser/pkg/logger/logger.go:65.35,67.2 1 1
github.com/prismon/mcp-space-browser/pkg/logger/logger.go:70.46,72.2 1 1
github.com/prismon/mcp-space-browser/pkg/pathutil/pathutil.go:11.46,12.16 1 1
github.com/prismon/mcp-space-browser/pkg/pathutil/pathutil.go:12.16,14.3 1 1
github.com/prismon/mcp-space-browser/pkg/pathutil/pathutil.go:17.2,17.50 1 1
github.com/prismon/mcp-space-browser/pkg/pathutil/pathutil.go:17.50,19.17 2 1
github.com/prismon/mcp-space-browser/pkg/pathutil/pathutil.go:19.17,21.4 1 0
github.com/prismon/mcp-space-browser/pkg/pathutil/pathutil.go:23.3,23.18 1 1
github.com/prismon/mcp-space-browser/pkg/pathutil/pathutil.go:23.18,25.4 1 1
github.com/prismon/mcp-space-browser/pkg/pathutil/pathutil.go:25.9,27.4 1 1
github.com/prismon/mcp-space-browser/pkg/pathutil/pathutil.go:31.2,32.16 2 1
github.com/prismon/mcp-space-browser/pkg/pathutil/pathutil.go:32.16,34.3 1 0
github.com/prismon/mcp-space-browser/pkg/pathutil/pathutil.go:36.2,36.21 1 1
github.com/prismon/mcp-space-browser/pkg/pathutil/pathutil.go:40.38,41.16 1 1
github.com/prismon/mcp-space-browser/pkg/pathutil/pathutil.go:41.16,43.3 1 1
github.com/prismon/mcp-space-browser/pkg/pathutil/pathutil.go:45.2,46.16 2 1
github.com/prismon/mcp-space-browser/pkg/pathutil/pathutil.go:46.16,47.25 1 1
github.com/prismon/mcp-space-browser/pkg/pathutil/pathutil.go:47.25,49.4 1 1
github.com/prismon/mcp-space-browser/pkg/pathutil/pathutil.go:50.3,50.51 1 0
github.com/prismon/mcp-space-browser/pkg/pathutil/pathutil.go:53.2,53.12 1 1
github.com/prismon/mcp-space-browser/pkg/pathutil/pathutil.go:57.57,59.16 2 1
github.com/prismon/mcp-space-browser/pkg/pathutil/pathutil.go:59.16,61.3 1 1
github.com/prismon/mcp-space-browser/pkg/pathutil/pathutil.go:63.2,63.47 1 1
github.com/prismon/mcp-space-browser/pkg/pathutil/pathutil.go:63.47,65.3 1 1
github.com/prismon/mcp-space-browser/pkg/pathutil/pathutil.go:67.2,67.22 1 1
github.com/prismon/mcp-space-browser/pkg/server/inspect_artifacts.go:41.41,43.2 1 0
github.com/prismon/mcp-space-browser/pkg/server/inspect_artifacts.go:46.38,48.2 1 0
github.com/prismon/mcp-space-browser/pkg/server/inspect_artifacts.go:74.26,75.61 1 0
github.com/prismon/mcp-space-browser/pkg/server/inspect_artifacts.go:75.61,76.64 1 0
github.com/prismon/mcp-space-browser/pkg/server/inspect_artifacts.go:80.2,80.30 1 0
github.com/prismon/mcp-space-browser/pkg/server/inspect_artifacts.go:80.30,83.3 2 0
github.com/prismon/mcp-space-browser/pkg/server/inspect_artifacts.go:86.2,86.28 1 0
github.com/prismon/mcp-space-browser/pkg/server/inspect_artifacts.go:86.28,89.3 2 0
github.com/prismon/mcp-space-browser/pkg/server/inspect_artifacts.go:92.57,97.16 4 0
github.com/prismon/mcp-space-browser/pkg/server/inspect_artifacts.go:97.16,100.3 2 0
github.com/prismon/mcp-space-browser/pkg/server/inspect_artifacts.go:102.2,102.33 1 0
github.com/prismon/mcp-space-browser/pkg/server/inspect_artifacts.go:105.111,107.26 2 0
github.com/prismon/mcp-space-browser/pkg/server/inspect_artifacts.go:107.26,109.3 1 0
github.com/prismon/mcp-space-browser/pkg/server/inspect_artifacts.go:111.2,112.16 2 0
github.com/prismon/mcp-space-browser/pkg/server/inspect_artifacts.go:112.16,114.3 1 0
github.com/prismon/mcp-space-browser/pkg/server/inspect_artifacts.go:116.2,117.16 2 0
github.com/prismon/mcp-space-browser/pkg/server/inspect_artifacts.go:117.16,119.3 1 0
github.com/prismon/mcp-space-browser/pkg/server/inspect_artifacts.go:120.2,120.18 1 0
github.com/prismon/mcp-space-browser/pkg/server/inspect_artifacts.go:120.18,122.3 1 0
github.com/prismon/mcp-space-browser/pkg/server/inspect_artifacts.go:124.2,125.16 2 0
github.com/prismon/mcp-space-browser/pkg/server/inspect_artifacts.go:125.16,127.3 1 0
github.com/prismon/mcp-space-browser/pkg/server/inspect_artifacts.go:129.2,139.30 1 0
github.com/prismon/mcp-space-browser/pkg/server/inspect_artifacts.go:139.30,140.22 1 0
github.com/prismon/mcp-space-browser/pkg/server/inspect_artifacts.go:140.22,142.5 1 0
github.com/prismon/mcp-space-browser/pkg/server/inspect_artifacts.go:143.4,143.131 1 0
github.com/prismon/mcp-space-browser/pkg/server/inspect_artifacts.go:148.2,148.20 1 0
github.com/prismon/mcp-space-browser/pkg/server/inspect_artifacts.go:148.20,154.38 4 0
github.com/prismon/mcp-space-browser/pkg/server/inspect_artifacts.go:154.38,155.36 1 0
github.com/prismon/mcp-space-browser/pkg/server/inspect_artifacts.go:155.36,157.5 1 0
github.com/prismon/mcp-space-browser/pkg/server/inspect_artifacts.go:158.4,158.41 1 0
github.com/prismon/mcp-space-browser/pkg/server/inspect_artifacts.go:158.41,160.5 1 0
github.com/prismon/mcp-space-browser/pkg/server/inspect_artifacts.go:164.3,164.19 1 0
github.com/prismon/mcp-space-browser/pkg/server/inspect_artifacts.go:164.19,166.4 1 0
github.com/prismon/mcp-space-browser/pkg/server/inspect_artifacts.go:167.3,167.18 1 0
github.com/prismon/mcp-space-browser/pkg/server/inspect_artifacts.go:167.18,169.4 1 0
github.com/prismon/mcp-space-browser/pkg/server/inspect_artifacts.go:172.2,172.22 1 0
github.com/prismon/mcp-space-browser/pkg/server/inspect_artifacts.go:175.119,180.62 4 0
github.com/prismon/mcp-space-browser/pkg/server/inspect_artifacts.go:180.62,182.17 2 0
github.com/prismon/mcp-space-browser/pkg/server/inspect_artifacts.go:182.17,184.4 1 0
github.com/prismon/mcp-space-browser/pkg/server/inspect_artifacts.go:185.3,186.42 2 0
github.com/prismon/mcp-space-browser/pkg/server/inspect_artifacts.go:189.2,189.62 1 0
github.com/prismon/mcp-space-browser/pkg/server/inspect_artifacts.go:189.62,191.17 2 0
github.com/prismon/mcp-space-browser/pkg/server/inspect_artifacts.go:191.17,193.4 1 0
github.com/prismon/mcp-space-browser/pkg/server/inspect_artifacts.go:194.3,198.17 4 0
github.com/prismon/mcp-space-browser/pkg/server/inspect_artifacts.go:198.17,200.4 1 0
github.com/prismon/mcp-space-browser/pkg/server/inspect_artifacts.go:201.3,201.30 1 0
github.com/prismon/mcp-space-browser/pkg/server/inspect_artifacts.go:201.30,205.4 3 0
github.com/prismon/mcp-space-browser/pkg/server/inspect_artifacts.go:209.2,209.90 1 0
github.com/prismon/mcp-space-browser/pkg/server/inspect_artifacts.go:209.90,211.17 2 0
github.com/prismon/mcp-space-browser/pkg/server/inspect_artifacts.go:211.17,213.4 1 0
github.com/prismon/mcp-space-browser/pkg/server/inspect_artifacts.go:213.9,213.37 1 0
github.com/prismon/mcp-space-browser/pkg/server/inspect_artifacts.go:213.37,215.4 1 0
github.com/prismon/mcp-space-browser/pkg/server/inspect_artifacts.go:218.2,220.28 3 0
github.com/prismon/mcp-space-browser/pkg/server/inspect_artifacts.go:220.28,222.3 1 0
github.com/prismon/mcp-space-browser/pkg/server/inspect_artifacts.go:223.2,224.26 2 0
github.com/prismon/mcp-space-browser/pkg/server/inspect_artifacts.go:224.26,226.3 1 0
github.com/prismon/mcp-space-browser/pkg/server/inspect_artifacts.go:228.2,229.26 2 0
github.com/prismon/mcp-space-browser/pkg/server/inspect_artifacts.go:229.26,231.3 1 0
github.com/prismon/mcp-space-browser/pkg/server/inspect_artifacts.go:233.2,233.52 1 0
github.com/prismon/mcp-space-browser/pkg/server/inspect_artifacts.go:236.121,239.21 2 0
github.com/prismon/mcp-space-browser/pkg/server/inspect_artifacts.go:239.21,240.59 1 0
github.com/prismon/mcp-space-browser/pkg/server/inspect_artifacts.go:240.59,242.4 1 0
github.com/prismon/mcp-space-browser/pkg/server/inspect_artifacts.go:246.2,247.49 2 0
github.com/prismon/mcp-space-browser/pkg/server/inspect_artifacts.go:247.49,249.3 1 0
github.com/prismon/mcp-space-browser/pkg/server/inspect_artifacts.go:253.2,253.12 1 0
github.com/prismon/mcp-space-browser/pkg/server/inspect_artifacts.go:253.12,254.24 1 0
github.com/prismon/mcp-space-browser/pkg/server/inspect_artifacts.go:254.24,265.70 2 0
github.com/prismon/mcp-space-browser/pkg/server/inspect_artifacts.go:265.70,267.5 1 0
github.com/prismon/mcp-space-browser/pkg/server/inspect_artifacts.go:271.2,277.3 1 0
github.com/prismon/mcp-space-browser/pkg/server/inspect_artifacts.go:280.55,283.2 2 0
github.com/prismon/mcp-space-browser/pkg/server/inspect_artifacts.go:285.66,286.22 1 0
github.com/prismon/mcp-space-browser/pkg/server/inspect_artifacts.go:286.22,288.3 1 0
github.com/prismon/mcp-space-browser/pkg/server/inspect_artifacts.go:290.2,291.48 2 0
github.com/prismon/mcp-space-browser/pkg/server/inspect_artifacts.go:291.48,293.3 1 0
github.com/prismon/mcp-space-browser/pkg/server/inspect_artifacts.go:295.2,295.42 1 0
github.com/prismon/mcp-space-browser/pkg/server/inspect_artifacts.go:298.56,300.16 2 0
github.com/prismon/mcp-space-browser/pkg/server/inspect_artifacts.go:300.16,303.3 2 0
github.com/prismon/mcp-space-browser/pkg/server/inspect_artifacts.go:306.2,307.16 2 0
github.com/prismon/mcp-space-browser/pkg/server/inspect_artifacts.go:307.16,310.3 2 0
github.com/prismon/mcp-space-browser/pkg/server/inspect_artifacts.go:313.2,314.18 2 0
github.com/prismon/mcp-space-browser/pkg/server/inspect_artifacts.go:314.18,316.87 1 0
github.com/prismon/mcp-space-browser/pkg/server/inspect_artifacts.go:316.87,319.4 2 0
github.com/prismon/mcp-space-browser/pkg/server/inspect_artifacts.go:321.3,321.48 1 0
github.com/prismon/mcp-space-browser/pkg/server/inspect_artifacts.go:321.48,324.4 2 0
github.com/prismon/mcp-space-browser/pkg/server/inspect_artifacts.go:328.2,329.16 2 0
github.com/prismon/mcp-space-browser/pkg/server/inspect_artifacts.go:329.16,332.3 2 0
github.com/prismon/mcp-space-browser/pkg/server/inspect_artifacts.go:333.2,341.20 7 0
github.com/prismon/mcp-space-browser/pkg/server/inspect_artifacts.go:344.93,346.16 2 0
github.com/prismon/mcp-space-browser/pkg/server/inspect_artifacts.go:346.16,348.3 1 0
github.com/prismon/mcp-space-browser/pkg/server/inspect_artifacts.go:349.2,349.46 1 0
github.com/prismon/mcp-space-browser/pkg/server/inspect_artifacts.go:349.46,351.3 1 0
github.com/prismon/mcp-space-browser/pkg/server/inspect_artifacts.go:353.2,363.25 3 0
github.com/prismon/mcp-space-browser/pkg/server/inspect_artifacts.go:363.25,365.3 1 0
github.com/prismon/mcp-space-browser/pkg/server/inspect_artifacts.go:367.2,367.48 1 0
github.com/prismon/mcp-space-browser/pkg/server/inspect_artifacts.go:370.90,372.16 2 0
github.com/prismon/mcp-space-browser/pkg/server/inspect_artifacts.go:372.16,374.3 1 0
github.com/prismon/mcp-space-browser/pkg/server/inspect_artifacts.go:375.2,375.46 1 0
github.com/prismon/mcp-space-browser/pkg/server/inspect_artifacts.go:375.46,377.3 1 0
github.com/prismon/mcp-space-browser/pkg/server/inspect_artifacts.go:379.2,389.25 3 0
github.com/prismon/mcp-space-browser/pkg/server/inspect_artifacts.go:389.25,392.3 2 0
github.com/prismon/mcp-space-browser/pkg/server/inspect_artifacts.go:394.2,394.48 1 0
github.com/prismon/mcp-space-browser/pkg/server/inspect_artifacts.go:397.98,399.30 2 0
github.com/prismon/mcp-space-browser/pkg/server/inspect_artifacts.go:399.30,401.17 2 0
github.com/prismon/mcp-space-browser/pkg/server/inspect_artifacts.go:401.17,403.4 1 0
github.com/prismon/mcp-space-browser/pkg/server/inspect_artifacts.go:404.3,404.55 1 0
github.com/prismon/mcp-space-browser/pkg/server/inspect_artifacts.go:404.55,417.27 3 0
github.com/prismon/mcp-space-browser/pkg/server/inspect_artifacts.go:417.27,420.5 2 0
github.com/prismon/mcp-space-browser/pkg/server/inspect_artifacts.go:422.3,422.39 1 0
github.com/prismon/mcp-space-browser/pkg/server/inspect_artifacts.go:424.2,424.21 1 0
github.com/prismon/mcp-space-browser/pkg/server/inspect_artifacts.go:428.94,430.23 1 0
github.com/prismon/mcp-space-browser/pkg/server/inspect_artifacts.go:430.23,432.17 2 0
github.com/prismon/mcp-space-browser/pkg/server/inspect_artifacts.go:432.17,434.4 1 0
github.com/prismon/mcp-space-browser/pkg/server/inspect_artifacts.go:435.3,435.22 1 0
github.com/prismon/mcp-space-browser/pkg/server/inspect_artifacts.go:435.22,438.35 2 0
github.com/prismon/mcp-space-browser/pkg/server/inspect_artifacts.go:438.35,439.87 1 0
github.com/prismon/mcp-space-browser/pkg/server/inspect_artifacts.go:439.87,441.6 1 0
github.com/prismon/mcp-space-browser/pkg/server/inspect_artifacts.go:444.4,450.10 1 0
github.com/prismon/mcp-space-browser/pkg/server/inspect_artifacts.go:455.2,456.25 2 0
github.com/prismon/mcp-space-browser/pkg/server/inspect_artifacts.go:456.25,458.3 1 0
github.com/prismon/mcp-space-browser/pkg/server/inspect_artifacts.go:461.2,462.16 2 0
github.com/prismon/mcp-space-browser/pkg/server/inspect_artifacts.go:462.16,464.3 1 0
github.com/prismon/mcp-space-browser/pkg/server/inspect_artifacts.go:467.2,468.16 2 0
github.com/prismon/mcp-space-browser/pkg/server/inspect_artifacts.go:468.16,470.3 1 0
github.com/prismon/mcp-space-browser/pkg/server/inspect_artifacts.go:473.2,473.23 1 0
github.com/prismon/mcp-space-browser/pkg/server/inspect_artifacts.go:473.23,484.13 2 0
github.com/prismon/mcp-space-browser/pkg/server/inspect_artifacts.go:484.13,485.70 1 0
github.com/prismon/mcp-space-browser/pkg/server/inspect_artifacts.go:485.70,487.5 1 0
github.com/prismon/mcp-space-browser/pkg/server/inspect_artifacts.go:487.10,492.5 1 0
github.com/prismon/mcp-space-browser/pkg/server/inspect_artifacts.go:497.2,503.8 1 0
github.com/prismon/mcp-space-browser/pkg/server/inspect_artifacts.go:506.61,510.20 3 0
github.com/prismon/mcp-space-browser/pkg/server/inspect_artifacts.go:510.20,511.60 1 0
github.com/prismon/mcp-space-browser/pkg/server/inspect_artifacts.go:511.60,513.4 1 0
github.com/prismon/mcp-space-browser/pkg/server/inspect_artifacts.go:515.2,515.21 1 0
github.com/prismon/mcp-space-browser/pkg/server/inspect_artifacts.go:515.21,516.62 1 0
github.com/prismon/mcp-space-browser/pkg/server/inspect_artifacts.go:516.62,518.4 1 0
github.com/prismon/mcp-space-browser/pkg/server/inspect_artifacts.go:521.2,521.22 1 0
github.com/prismon/mcp-space-browser/pkg/server/mcp_resources.go:17.69,49.2 22 0
github.com/prismon/mcp-space-browser/pkg/server/mcp_resources.go:53.72,61.117 2 0
github.com/prismon/mcp-space-browser/pkg/server/mcp_resources.go:61.117,63.17 2 0
github.com/prismon/mcp-space-browser/pkg/server/mcp_resources.go:63.17,65.4 1 0
github.com/prismon/mcp-space-browser/pkg/server/mcp_resources.go:67.3,68.17 2 0
github.com/prismon/mcp-space-browser/pkg/server/mcp_resources.go:68.17,70.4 1 0
github.com/prismon/mcp-space-browser/pkg/server/mcp_resources.go:72.3,78.9 1 0
github.com/prismon/mcp-space-browser/pkg/server/mcp_resources.go:82.78,90.117 2 0
github.com/prismon/mcp-space-browser/pkg/server/mcp_resources.go:90.117,92.17 2 0
github.com/prismon/mcp-space-browser/pkg/server/mcp_resources.go:92.17,94.4 1 0
github.com/prismon/mcp-space-browser/pkg/server/mcp_resources.go:96.3,97.17 2 0
github.com/prismon/mcp-space-browser/pkg/server/mcp_resources.go:97.17,99.4 1 0
github.com/prismon/mcp-space-browser/pkg/server/mcp_resources.go:101.3,107.9 1 0
github.com/prismon/mcp-space-browser/pkg/server/mcp_resources.go:111.72,119.117 2 0
github.com/prismon/mcp-space-browser/pkg/server/mcp_resources.go:119.117,121.17 2 0
github.com/prismon/mcp-space-browser/pkg/server/mcp_resources.go:121.17,123.4 1 0
github.com/prismon/mcp-space-browser/pkg/server/mcp_resources.go:125.3,126.17 2 0
github.com/prismon/mcp-space-browser/pkg/server/mcp_resources.go:126.17,128.4 1 0
github.com/prismon/mcp-space-browser/pkg/server/mcp_resources.go:130.3,136.9 1 0
github.com/prismon/mcp-space-browser/pkg/server/mcp_resources.go:140.74,148.117 2 0
github.com/prismon/mcp-space-browser/pkg/server/mcp_resources.go:148.117,150.17 2 0
github.com/prismon/mcp-space-browser/pkg/server/mcp_resources.go:150.17,152.4 1 0
github.com/prismon/mcp-space-browser/pkg/server/mcp_resources.go:154.3,155.17 2 0
github.com/prismon/mcp-space-browser/pkg/server/mcp_resources.go:155.17,157.4 1 0
github.com/prismon/mcp-space-browser/pkg/server/mcp_resources.go:159.3,165.9 1 0
github.com/prismon/mcp-space-browser/pkg/server/mcp_resources.go:171.80,179.117 2 0
github.com/prismon/mcp-space-browser/pkg/server/mcp_resources.go:179.117,182.17 3 0
github.com/prismon/mcp-space-browser/pkg/server/mcp_resources.go:182.17,184.4 1 0
github.com/prismon/mcp-space-browser/pkg/server/mcp_resources.go:186.3,187.17 2 0
github.com/prismon/mcp-space-browser/pkg/server/mcp_resources.go:187.17,189.4 1 0
github.com/prismon/mcp-space-browser/pkg/server/mcp_resources.go:191.3,197.9 1 0
github.com/prismon/mcp-space-browser/pkg/server/mcp_resources.go:201.80,209.117 2 0
github.com/prismon/mcp-space-browser/pkg/server/mcp_resources.go:209.117,212.17 3 0
github.com/prismon/mcp-space-browser/pkg/server/mcp_resources.go:212.17,214.4 1 0
github.com/prismon/mcp-space-browser/pkg/server/mcp_resources.go:216.3,217.17 2 0
github.com/prismon/mcp-space-browser/pkg/server/mcp_resources.go:217.17,219.4 1 0
github.com/prismon/mcp-space-browser/pkg/server/mcp_resources.go:221.3,227.9 1 0
github.com/prismon/mcp-space-browser/pkg/server/mcp_resources.go:231.82,239.117 2 0
github.com/prismon/mcp-space-browser/pkg/server/mcp_resources.go:239.117,242.17 3 0
github.com/prismon/mcp-space-browser/pkg/server/mcp_resources.go:242.17,244.4 1 0
github.com/prismon/mcp-space-browser/pkg/server/mcp_resources.go:246.3,247.17 2 0
github.com/prismon/mcp-space-browser/pkg/server/mcp_resources.go:247.17,249.4 1 0
github.com/prismon/mcp-space-browser/pkg/server/mcp_resources.go:251.3,257.9 1 0
github.com/prismon/mcp-space-browser/pkg/server/mcp_resources.go:261.79,269.117 2 0
github.com/prismon/mcp-space-browser/pkg/server/mcp_resources.go:269.117,272.17 3 0
github.com/prismon/mcp-space-browser/pkg/server/mcp_resources.go:272.17,274.4 1 0
github.com/prismon/mcp-space-browser/pkg/server/mcp_resources.go:276.3,277.17 2 0
github.com/prismon/mcp-space-browser/pkg/server/mcp_resources.go:277.17,279.4 1 0
github.com/prismon/mcp-space-browser/pkg/server/mcp_resources.go:281.3,287.9 1 0
github.com/prismon/mcp-space-browser/pkg/server/mcp_resources.go:291.79,299.117 2 0
github.com/prismon/mcp-space-browser/pkg/server/mcp_resources.go:299.117,303.67 2 0
github.com/prismon/mcp-space-browser/pkg/server/mcp_resources.go:303.67,306.18 3 0
github.com/prismon/mcp-space-browser/pkg/server/mcp_resources.go:306.18,308.5 1 0
github.com/prismon/mcp-space-browser/pkg/server/mcp_resources.go:309.4,309.50 1 0
github.com/prismon/mcp-space-browser/pkg/server/mcp_resources.go:312.3,313.17 2 0
github.com/prismon/mcp-space-browser/pkg/server/mcp_resources.go:313.17,315.4 1 0
github.com/prismon/mcp-space-browser/pkg/server/mcp_resources.go:317.3,323.9 1 0
github.com/prismon/mcp-space-browser/pkg/server/mcp_resources.go:329.70,337.125 2 0
github.com/prismon/mcp-space-browser/pkg/server/mcp_resources.go:337.125,341.38 3 0
github.com/prismon/mcp-space-browser/pkg/server/mcp_resources.go:341.38,343.4 1 0
github.com/prismon/mcp-space-browser/pkg/server/mcp_resources.go:345.3,346.17 2 0
github.com/prismon/mcp-space-browser/pkg/server/mcp_resources.go:346.17,348.4 1 0
github.com/prismon/mcp-space-browser/pkg/server/mcp_resources.go:350.3,351.17 2 0
github.com/prismon/mcp-space-browser/pkg/server/mcp_resources.go:351.17,353.4 1 0
github.com/prismon/mcp-space-browser/pkg/server/mcp_resources.go:355.3,355.19 1 0
github.com/prismon/mcp-space-browser/pkg/server/mcp_resources.go:355.19,357.4 1 0
github.com/prismon/mcp-space-browser/pkg/server/mcp_resources.go:359.3,360.17 2 0
github.com/prismon/mcp-space-browser/pkg/server/mcp_resources.go:360.17,362.4 1 0
github.com/prismon/mcp-space-browser/pkg/server/mcp_resources.go:364.3,370.9 1 0
github.com/prismon/mcp-space-browser/pkg/server/mcp_resources.go:374.77,382.125 2 0
github.com/prismon/mcp-space-browser/pkg/server/mcp_resources.go:382.125,386.38 3 0
github.com/prismon/mcp-space-browser/pkg/server/mcp_resources.go:386.38,388.4 1 0
github.com/prismon/mcp-space-browser/pkg/server/mcp_resources.go:390.3,394.17 3 0
github.com/prismon/mcp-space-browser/pkg/server/mcp_resources.go:394.17,396.4 1 0
github.com/prismon/mcp-space-browser/pkg/server/mcp_resources.go:398.3,399.17 2 0
github.com/prismon/mcp-space-browser/pkg/server/mcp_resources.go:399.17,401.4 1 0
github.com/prismon/mcp-space-browser/pkg/server/mcp_resources.go:403.3,403.17 1 0
github.com/prismon/mcp-space-browser/pkg/server/mcp_resources.go:403.17,405.4 1 0
github.com/prismon/mcp-space-browser/pkg/server/mcp_resources.go:407.3,408.17 2 0
github.com/prismon/mcp-space-browser/pkg/server/mcp_resources.go:408.17,410.4 1 0
github.com/prismon/mcp-space-browser/pkg/server/mcp_resources.go:412.3,418.9 1 0
github.com/prismon/mcp-space-browser/pkg/server/mcp_resources.go:422.84,430.125 2 0
github.com/prismon/mcp-space-browser/pkg/server/mcp_resources.go:430.125,436.73 4 0
github.com/prismon/mcp-space-browser/pkg/server/mcp_resources.go:436.73,438.4 1 0
github.com/prismon/mcp-space-browser/pkg/server/mcp_resources.go:440.3,443.17 3 0
github.com/prismon/mcp-space-browser/pkg/server/mcp_resources.go:443.17,445.4 1 0
github.com/prismon/mcp-space-browser/pkg/server/mcp_resources.go:447.3,448.17 2 0
github.com/prismon/mcp-space-browser/pkg/server/mcp_resources.go:448.17,450.4 1 0
github.com/prismon/mcp-space-browser/pkg/server/mcp_resources.go:452.3,453.17 2 0
github.com/prismon/mcp-space-browser/pkg/server/mcp_resources.go:453.17,455.4 1 0
github.com/prismon/mcp-space-browser/pkg/server/mcp_resources.go:457.3,463.9 1 0
github.com/prismon/mcp-space-browser/pkg/server/mcp_resources.go:467.70,475.125 2 0
github.com/prismon/mcp-space-browser/pkg/server/mcp_resources.go:475.125,479.38 3 0
github.com/prismon/mcp-space-browser/pkg/server/mcp_resources.go:479.38,481.4 1 0
github.com/prismon/mcp-space-browser/pkg/server/mcp_resources.go:483.3,487.17 3 0
github.com/prismon/mcp-space-browser/pkg/server/mcp_resources.go:487.17,489.4 1 0
github.com/prismon/mcp-space-browser/pkg/server/mcp_resources.go:491.3,492.17 2 0
github.com/prismon/mcp-space-browser/pkg/server/mcp_resources.go:492.17,494.4 1 0
github.com/prismon/mcp-space-browser/pkg/server/mcp_resources.go:496.3,496.19 1 0
github.com/prismon/mcp-space-browser/pkg/server/mcp_resources.go:496.19,498.4 1 0
github.com/prismon/mcp-space-browser/pkg/server/mcp_resources.go:500.3,501.17 2 0
github.com/prismon/mcp-space-browser/pkg/server/mcp_resources.go:501.17,503.4 1 0
github.com/prismon/mcp-space-browser/pkg/server/mcp_resources.go:505.3,511.9 1 0
github.com/prismon/mcp-space-browser/pkg/server/mcp_resources.go:515.80,523.125 2 0
github.com/prismon/mcp-space-browser/pkg/server/mcp_resources.go:523.125,529.73 4 0
github.com/prismon/mcp-space-browser/pkg/server/mcp_resources.go:529.73,531.4 1 0
github.com/prismon/mcp-space-browser/pkg/server/mcp_resources.go:533.3,536.17 3 0
github.com/prismon/mcp-space-browser/pkg/server/mcp_resources.go:536.17,538.4 1 0
github.com/prismon/mcp-space-browser/pkg/server/mcp_resources.go:541.3,542.17 2 0
github.com/prismon/mcp-space-browser/pkg/server/mcp_resources.go:542.17,544.4 1 0
github.com/prismon/mcp-space-browser/pkg/server/mcp_resources.go:545.3,545.19 1 0
github.com/prismon/mcp-space-browser/pkg/server/mcp_resources.go:545.19,547.4 1 0
github.com/prismon/mcp-space-browser/pkg/server/mcp_resources.go:550.3,551.17 2 0
github.com/prismon/mcp-space-browser/pkg/server/mcp_resources.go:551.17,553.4 1 0
github.com/prismon/mcp-space-browser/pkg/server/mcp_resources.go:555.3,556.17 2 0
github.com/prismon/mcp-space-browser/pkg/server/mcp_resources.go:556.17,558.4 1 0
github.com/prismon/mcp-space-browser/pkg/server/mcp_resources.go:560.3,566.9 1 0
github.com/prismon/mcp-space-browser/pkg/server/mcp_resources.go:570.73,578.125 2 0
github.com/prismon/mcp-space-browser/pkg/server/mcp_resources.go:578.125,582.38 3 0
github.com/prismon/mcp-space-browser/pkg/server/mcp_resources.go:582.38,584.4 1 0
github.com/prismon/mcp-space-browser/pkg/server/mcp_resources.go:586.3,587.18 2 0
github.com/prismon/mcp-space-browser/pkg/server/mcp_resources.go:587.18,589.4 1 0
github.com/prismon/mcp-space-browser/pkg/server/mcp_resources.go:591.3,592.17 2 0
github.com/prismon/mcp-space-browser/pkg/server/mcp_resources.go:592.17,594.4 1 0
github.com/prismon/mcp-space-browser/pkg/server/mcp_resources.go:596.3,597.17 2 0
github.com/prismon/mcp-space-browser/pkg/server/mcp_resources.go:597.17,599.4 1 0
github.com/prismon/mcp-space-browser/pkg/server/mcp_resources.go:601.3,601.17 1 0
github.com/prismon/mcp-space-browser/pkg/server/mcp_resources.go:601.17,603.4 1 0
github.com/prismon/mcp-space-browser/pkg/server/mcp_resources.go:605.3,606.17 2 0
github.com/prismon/mcp-space-browser/pkg/server/mcp_resources.go:606.17,608.4 1 0
github.com/prismon/mcp-space-browser/pkg/server/mcp_resources.go:610.3,616.9 1 0
github.com/prismon/mcp-space-browser/pkg/server/mcp_resources.go:622.73,630.117 2 0
github.com/prismon/mcp-space-browser/pkg/server/mcp_resources.go:630.117,632.17 2 0
github.com/prismon/mcp-space-browser/pkg/server/mcp_resources.go:632.17,634.4 1 0
github.com/prismon/mcp-space-browser/pkg/server/mcp_resources.go:637.3,637.41 1 0
github.com/prismon/mcp-space-browser/pkg/server/mcp_resources.go:637.41,639.4 1 0
github.com/prismon/mcp-space-browser/pkg/server/mcp_resources.go:641.3,645.17 2 0
github.com/prismon/mcp-space-browser/pkg/server/mcp_resources.go:645.17,647.4 1 0
github.com/prismon/mcp-space-browser/pkg/server/mcp_resources.go:649.3,655.9 1 0
github.com/prismon/mcp-space-browser/pkg/server/mcp_resources.go:659.79,667.125 2 0
github.com/prismon/mcp-space-browser/pkg/server/mcp_resources.go:667.125,670.21 2 0
github.com/prismon/mcp-space-browser/pkg/server/mcp_resources.go:670.21,672.4 1 0
github.com/prismon/mcp-space-browser/pkg/server/mcp_resources.go:673.3,676.17 3 0
github.com/prismon/mcp-space-browser/pkg/server/mcp_resources.go:676.17,678.4 1 0
github.com/prismon/mcp-space-browser/pkg/server/mcp_resources.go:680.3,680.22 1 0
github.com/prismon/mcp-space-browser/pkg/server/mcp_resources.go:680.22,682.4 1 0
github.com/prismon/mcp-space-browser/pkg/server/mcp_resources.go:685.3,688.17 3 0
github.com/prismon/mcp-space-browser/pkg/server/mcp_resources.go:688.17,690.4 1 0
github.com/prismon/mcp-space-browser/pkg/server/mcp_resources.go:692.3,698.9 1 0
github.com/prismon/mcp-space-browser/pkg/server/mcp_resources.go:702.77,710.125 2 0
github.com/prismon/mcp-space-browser/pkg/server/mcp_resources.go:710.125,713.88 2 0
github.com/prismon/mcp-space-browser/pkg/server/mcp_resources.go:713.88,715.4 1 0
github.com/prismon/mcp-space-browser/pkg/server/mcp_resources.go:718.3,722.17 4 0
github.com/prismon/mcp-space-browser/pkg/server/mcp_resources.go:722.17,724.4 1 0
github.com/prismon/mcp-space-browser/pkg/server/mcp_resources.go:727.3,727.41 1 0
github.com/prismon/mcp-space-browser/pkg/server/mcp_resources.go:727.41,729.4 1 0
github.com/prismon/mcp-space-browser/pkg/server/mcp_resources.go:731.3,736.17 2 0
github.com/prismon/mcp-space-browser/pkg/server/mcp_resources.go:736.17,738.4 1 0
github.com/prismon/mcp-space-browser/pkg/server/mcp_resources.go:740.3,746.9 1 0
github.com/prismon/mcp-space-browser/pkg/server/mcp_resources.go:752.75,760.117 2 0
github.com/prismon/mcp-space-browser/pkg/server/mcp_resources.go:760.117,763.17 3 0
github.com/prismon/mcp-space-browser/pkg/server/mcp_resources.go:763.17,765.4 1 0
github.com/prismon/mcp-space-browser/pkg/server/mcp_resources.go:768.3,768.41 1 0
github.com/prismon/mcp-space-browser/pkg/server/mcp_resources.go:768.41,770.4 1 0
github.com/prismon/mcp-space-browser/pkg/server/mcp_resources.go:772.3,776.17 2 0
github.com/prismon/mcp-space-browser/pkg/server/mcp_resources.go:776.17,778.4 1 0
github.com/prismon/mcp-space-browser/pkg/server/mcp_resources.go:780.3,786.9 1 0
github.com/prismon/mcp-space-browser/pkg/server/mcp_resources.go:790.79,798.117 2 0
github.com/prismon/mcp-space-browser/pkg/server/mcp_resources.go:798.117,801.17 3 0
github.com/prismon/mcp-space-browser/pkg/server/mcp_resources.go:801.17,803.4 1 0
github.com/prismon/mcp-space-browser/pkg/server/mcp_resources.go:806.3,806.41 1 0
github.com/prismon/mcp-space-browser/pkg/server/mcp_resources.go:806.41,808.4 1 0
github.com/prismon/mcp-space-browser/pkg/server/mcp_resources.go:810.3,814.17 2 0
github.com/prismon/mcp-space-browser/pkg/server/mcp_resources.go:814.17,816.4 1 0
github.com/prismon/mcp-space-browser/pkg/server/mcp_resources.go:818.3,824.9 1 0
github.com/prismon/mcp-space-browser/pkg/server/mcp_resources.go:828.78,836.125 2 0
github.com/prismon/mcp-space-browser/pkg/server/mcp_resources.go:836.125,839.89 2 0
github.com/prismon/mcp-space-browser/pkg/server/mcp_resources.go:839.89,841.4 1 0
github.com/prismon/mcp-space-browser/pkg/server/mcp_resources.go:844.3,848.17 4 0
github.com/prismon/mcp-space-browser/pkg/server/mcp_resources.go:848.17,850.4 1 0
github.com/prismon/mcp-space-browser/pkg/server/mcp_resources.go:853.3,854.41 2 0
github.com/prismon/mcp-space-browser/pkg/server/mcp_resources.go:854.41,855.44 1 0
github.com/prismon/mcp-space-browser/pkg/server/mcp_resources.go:855.44,858.10 3 0
github.com/prismon/mcp-space-browser/pkg/server/mcp_resources.go:862.3,862.31 1 0
github.com/prismon/mcp-space-browser/pkg/server/mcp_resources.go:862.31,864.4 1 0
github.com/prismon/mcp-space-browser/pkg/server/mcp_resources.go:866.3,872.17 3 0
github.com/prismon/mcp-space-browser/pkg/server/mcp_resources.go:872.17,874.4 1 0
github.com/prismon/mcp-space-browser/pkg/server/mcp_resources.go:876.3,882.9 1 0
github.com/prismon/mcp-space-browser/pkg/server/mcp_resources.go:886.82,894.125 2 0
github.com/prismon/mcp-space-browser/pkg/server/mcp_resources.go:894.125,897.88 2 0
github.com/prismon/mcp-space-browser/pkg/server/mcp_resources.go:897.88,899.4 1 0
github.com/prismon/mcp-space-browser/pkg/server/mcp_resources.go:902.3,906.17 4 0
github.com/prismon/mcp-space-browser/pkg/server/mcp_resources.go:906.17,908.4 1 0
github.com/prismon/mcp-space-browser/pkg/server/mcp_resources.go:911.3,912.41 2 0
github.com/prismon/mcp-space-browser/pkg/server/mcp_resources.go:912.41,913.49 1 0
github.com/prismon/mcp-space-browser/pkg/server/mcp_resources.go:913.49,916.5 2 0
github.com/prismon/mcp-space-browser/pkg/server/mcp_resources.go:919.3,919.31 1 0
github.com/prismon/mcp-space-browser/pkg/server/mcp_resources.go:919.31,921.4 1 0
github.com/prismon/mcp-space-browser/pkg/server/mcp_resources.go:923.3,930.17 3 0
github.com/prismon/mcp-space-browser/pkg/server/mcp_resources.go:930.17,932.4 1 0
github.com/prismon/mcp-space-browser/pkg/server/mcp_resources.go:934.3,940.9 1 0
github.com/prismon/mcp-space-browser/pkg/server/mcp_tools.go:25.80,57.2 22 0
github.com/prismon/mcp-space-browser/pkg/server/mcp_tools.go:62.85,65.16 2 0
github.com/prismon/mcp-space-browser/pkg/server/mcp_tools.go:65.16,67.3 1 0
github.com/prismon/mcp-space-browser/pkg/server/mcp_tools.go:69.2,69.38 1 0
github.com/prismon/mcp-space-browser/pkg/server/mcp_tools.go:69.38,71.3 1 0
github.com/prismon/mcp-space-browser/pkg/server/mcp_tools.go:74.2,77.46 3 0
github.com/prismon/mcp-space-browser/pkg/server/mcp_tools.go:77.46,82.17 3 0
github.com/prismon/mcp-space-browser/pkg/server/mcp_tools.go:82.17,83.12 1 0
github.com/prismon/mcp-space-browser/pkg/server/mcp_tools.go:86.3,86.36 1 0
github.com/prismon/mcp-space-browser/pkg/server/mcp_tools.go:86.36,93.4 2 0
github.com/prismon/mcp-space-browser/pkg/server/mcp_tools.go:97.2,98.25 2 0
github.com/prismon/mcp-space-browser/pkg/server/mcp_tools.go:102.125,103.17 1 0
github.com/prismon/mcp-space-browser/pkg/server/mcp_tools.go:103.17,105.3 1 0
github.com/prismon/mcp-space-browser/pkg/server/mcp_tools.go:108.2,119.52 2 0
github.com/prismon/mcp-space-browser/pkg/server/mcp_tools.go:119.52,121.3 1 0
github.com/prismon/mcp-space-browser/pkg/server/mcp_tools.go:124.2,124.40 1 0
github.com/prismon/mcp-space-browser/pkg/server/mcp_tools.go:124.40,129.3 4 0
github.com/prismon/mcp-space-browser/pkg/server/mcp_tools.go:132.2,136.49 3 0
github.com/prismon/mcp-space-browser/pkg/server/mcp_tools.go:136.49,138.3 1 0
github.com/prismon/mcp-space-browser/pkg/server/mcp_tools.go:141.2,142.42 2 0
github.com/prismon/mcp-space-browser/pkg/server/mcp_tools.go:142.42,144.3 1 0
github.com/prismon/mcp-space-browser/pkg/server/mcp_tools.go:146.2,147.38 2 0
github.com/prismon/mcp-space-browser/pkg/server/mcp_tools.go:147.38,150.3 2 0
github.com/prismon/mcp-space-browser/pkg/server/mcp_tools.go:153.2,153.42 1 0
github.com/prismon/mcp-space-browser/pkg/server/mcp_tools.go:153.42,156.3 2 0
github.com/prismon/mcp-space-browser/pkg/server/mcp_tools.go:158.2,158.16 1 0
github.com/prismon/mcp-space-browser/pkg/server/mcp_tools.go:162.68,163.17 1 0
github.com/prismon/mcp-space-browser/pkg/server/mcp_tools.go:163.17,165.3 1 0
github.com/prismon/mcp-space-browser/pkg/server/mcp_tools.go:167.2,176.3 1 0
github.com/prismon/mcp-space-browser/pkg/server/mcp_tools.go:180.91,181.24 1 0
github.com/prismon/mcp-space-browser/pkg/server/mcp_tools.go:181.24,189.3 1 0
github.com/prismon/mcp-space-browser/pkg/server/mcp_tools.go:191.2,199.33 2 0
github.com/prismon/mcp-space-browser/pkg/server/mcp_tools.go:199.33,200.27 1 0
github.com/prismon/mcp-space-browser/pkg/server/mcp_tools.go:200.27,202.4 1 0
github.com/prismon/mcp-space-browser/pkg/server/mcp_tools.go:202.9,204.4 1 0
github.com/prismon/mcp-space-browser/pkg/server/mcp_tools.go:205.3,205.34 1 0
github.com/prismon/mcp-space-browser/pkg/server/mcp_tools.go:209.2,211.49 3 0
github.com/prismon/mcp-space-browser/pkg/server/mcp_tools.go:211.49,213.3 1 0
github.com/prismon/mcp-space-browser/pkg/server/mcp_tools.go:215.2,216.37 2 0
github.com/prismon/mcp-space-browser/pkg/server/mcp_tools.go:216.37,218.3 1 0
github.com/prismon/mcp-space-browser/pkg/server/mcp_tools.go:220.2,221.33 2 0
github.com/prismon/mcp-space-browser/pkg/server/mcp_tools.go:221.33,229.3 1 0
github.com/prismon/mcp-space-browser/pkg/server/mcp_tools.go:231.2,231.16 1 0
github.com/prismon/mcp-space-browser/pkg/server/mcp_tools.go:235.103,238.16 2 0
github.com/prismon/mcp-space-browser/pkg/server/mcp_tools.go:238.16,240.3 1 0
github.com/prismon/mcp-space-browser/pkg/server/mcp_tools.go:242.2,242.35 1 0
github.com/prismon/mcp-space-browser/pkg/server/mcp_tools.go:242.35,244.3 1 0
github.com/prismon/mcp-space-browser/pkg/server/mcp_tools.go:247.2,251.48 3 0
github.com/prismon/mcp-space-browser/pkg/server/mcp_tools.go:251.48,253.3 1 0
github.com/prismon/mcp-space-browser/pkg/server/mcp_tools.go:256.2,259.32 4 0
github.com/prismon/mcp-space-browser/pkg/server/mcp_tools.go:259.32,261.27 2 0
github.com/prismon/mcp-space-browser/pkg/server/mcp_tools.go:261.27,263.4 1 0
github.com/prismon/mcp-space-browser/pkg/server/mcp_tools.go:263.9,265.4 1 0
github.com/prismon/mcp-space-browser/pkg/server/mcp_tools.go:269.2,270.31 2 0
github.com/prismon/mcp-space-browser/pkg/server/mcp_tools.go:270.31,272.3 1 0
github.com/prismon/mcp-space-browser/pkg/server/mcp_tools.go:274.2,289.16 3 0
github.com/prismon/mcp-space-browser/pkg/server/mcp_tools.go:289.16,291.3 1 0
github.com/prismon/mcp-space-browser/pkg/server/mcp_tools.go:293.2,300.33 2 0
github.com/prismon/mcp-space-browser/pkg/server/mcp_tools.go:305.66,317.102 2 0
github.com/prismon/mcp-space-browser/pkg/server/mcp_tools.go:317.102,323.72 2 0
github.com/prismon/mcp-space-browser/pkg/server/mcp_tools.go:323.72,325.4 1 0
github.com/prismon/mcp-space-browser/pkg/server/mcp_tools.go:327.3,332.16 3 0
github.com/prismon/mcp-space-browser/pkg/server/mcp_tools.go:332.16,335.24 2 0
github.com/prismon/mcp-space-browser/pkg/server/mcp_tools.go:335.24,338.5 1 0
github.com/prismon/mcp-space-browser/pkg/server/mcp_tools.go:342.4,343.18 2 0
github.com/prismon/mcp-space-browser/pkg/server/mcp_tools.go:343.18,345.5 1 0
github.com/prismon/mcp-space-browser/pkg/server/mcp_tools.go:348.4,349.48 2 0
github.com/prismon/mcp-space-browser/pkg/server/mcp_tools.go:349.48,352.25 2 0
github.com/prismon/mcp-space-browser/pkg/server/mcp_tools.go:352.25,354.6 1 0
github.com/prismon/mcp-space-browser/pkg/server/mcp_tools.go:354.11,356.6 1 0
github.com/prismon/mcp-space-browser/pkg/server/mcp_tools.go:358.5,358.89 1 0
github.com/prismon/mcp-space-browser/pkg/server/mcp_tools.go:358.89,360.6 1 0
github.com/prismon/mcp-space-browser/pkg/server/mcp_tools.go:362.5,374.19 4 0
github.com/prismon/mcp-space-browser/pkg/server/mcp_tools.go:374.19,376.6 1 0
github.com/prismon/mcp-space-browser/pkg/server/mcp_tools.go:378.5,378.55 1 0
github.com/prismon/mcp-space-browser/pkg/server/mcp_tools.go:382.4,382.14 1 0
github.com/prismon/mcp-space-browser/pkg/server/mcp_tools.go:382.14,384.74 1 0
github.com/prismon/mcp-space-browser/pkg/server/mcp_tools.go:384.74,387.6 2 0
github.com/prismon/mcp-space-browser/pkg/server/mcp_tools.go:390.5,393.19 2 0
github.com/prismon/mcp-space-browser/pkg/server/mcp_tools.go:393.19,395.90 2 0
github.com/prismon/mcp-space-browser/pkg/server/mcp_tools.go:395.90,397.7 1 0
github.com/prismon/mcp-space-browser/pkg/server/mcp_tools.go:398.6,398.75 1 0
github.com/prismon/mcp-space-browser/pkg/server/mcp_tools.go:399.11,401.77 1 0
github.com/prismon/mcp-space-browser/pkg/server/mcp_tools.go:401.77,403.7 1 0
github.com/prismon/mcp-space-browser/pkg/server/mcp_tools.go:404.6,409.21 1 0
github.com/prismon/mcp-space-browser/pkg/server/mcp_tools.go:409.21,411.7 1 0
github.com/prismon/mcp-space-browser/pkg/server/mcp_tools.go:412.6,417.48 1 0
github.com/prismon/mcp-space-browser/pkg/server/mcp_tools.go:421.4,430.18 3 0
github.com/prismon/mcp-space-browser/pkg/server/mcp_tools.go:430.18,432.5 1 0
github.com/prismon/mcp-space-browser/pkg/server/mcp_tools.go:434.4,434.54 1 0
github.com/prismon/mcp-space-browser/pkg/server/mcp_tools.go:438.3,439.17 2 0
github.com/prismon/mcp-space-browser/pkg/server/mcp_tools.go:439.17,441.4 1 0
github.com/prismon/mcp-space-browser/pkg/server/mcp_tools.go:443.3,444.17 2 0
github.com/prismon/mcp-space-browser/pkg/server/mcp_tools.go:444.17,446.4 1 0
github.com/prismon/mcp-space-browser/pkg/server/mcp_tools.go:448.3,458.17 3 0
github.com/prismon/mcp-space-browser/pkg/server/mcp_tools.go:458.17,460.4 1 0
github.com/prismon/mcp-space-browser/pkg/server/mcp_tools.go:462.3,462.53 1 0
github.com/prismon/mcp-space-browser/pkg/server/mcp_tools.go:466.69,487.102 2 0
github.com/prismon/mcp-space-browser/pkg/server/mcp_tools.go:487.102,496.72 2 0
github.com/prismon/mcp-space-browser/pkg/server/mcp_tools.go:496.72,498.4 1 0
github.com/prismon/mcp-space-browser/pkg/server/mcp_tools.go:500.3,501.17 2 0
github.com/prismon/mcp-space-browser/pkg/server/mcp_tools.go:501.17,503.4 1 0
github.com/prismon/mcp-space-browser/pkg/server/mcp_tools.go:505.3,506.17 2 0
github.com/prismon/mcp-space-browser/pkg/server/mcp_tools.go:506.17,508.4 1 0
github.com/prismon/mcp-space-browser/pkg/server/mcp_tools.go:509.3,509.48 1 0
github.com/prismon/mcp-space-browser/pkg/server/mcp_tools.go:509.48,511.4 1 0
github.com/prismon/mcp-space-browser/pkg/server/mcp_tools.go:513.3,514.17 2 0
github.com/prismon/mcp-space-browser/pkg/server/mcp_tools.go:514.17,516.4 1 0
github.com/prismon/mcp-space-browser/pkg/server/mcp_tools.go:518.3,519.17 2 0
github.com/prismon/mcp-space-browser/pkg/server/mcp_tools.go:519.17,521.4 1 0
github.com/prismon/mcp-space-browser/pkg/server/mcp_tools.go:522.3,523.17 2 0
github.com/prismon/mcp-space-browser/pkg/server/mcp_tools.go:523.17,525.4 1 0
github.com/prismon/mcp-space-browser/pkg/server/mcp_tools.go:527.3,538.26 7 0
github.com/prismon/mcp-space-browser/pkg/server/mcp_tools.go:538.26,540.4 1 0
github.com/prismon/mcp-space-browser/pkg/server/mcp_tools.go:542.3,544.31 3 0
github.com/prismon/mcp-space-browser/pkg/server/mcp_tools.go:544.31,555.91 2 0
github.com/prismon/mcp-space-browser/pkg/server/mcp_tools.go:555.91,557.5 1 0
github.com/prismon/mcp-space-browser/pkg/server/mcp_tools.go:559.4,559.40 1 0
github.com/prismon/mcp-space-browser/pkg/server/mcp_tools.go:562.3,575.26 2 0
github.com/prismon/mcp-space-browser/pkg/server/mcp_tools.go:575.26,577.4 1 0
github.com/prismon/mcp-space-browser/pkg/server/mcp_tools.go:579.3,580.17 2 0
github.com/prismon/mcp-space-browser/pkg/server/mcp_tools.go:580.17,582.4 1 0
github.com/prismon/mcp-space-browser/pkg/server/mcp_tools.go:584.3,584.53 1 0
github.com/prismon/mcp-space-browser/pkg/server/mcp_tools.go:588.68,603.102 2 0
github.com/prismon/mcp-space-browser/pkg/server/mcp_tools.go:603.102,610.72 2 0
github.com/prismon/mcp-space-browser/pkg/server/mcp_tools.go:610.72,612.4 1 0
github.com/prismon/mcp-space-browser/pkg/server/mcp_tools.go:614.3,618.17 4 0
github.com/prismon/mcp-space-browser/pkg/server/mcp_tools.go:618.17,620.4 1 0
github.com/prismon/mcp-space-browser/pkg/server/mcp_tools.go:622.3,623.17 2 0
github.com/prismon/mcp-space-browser/pkg/server/mcp_tools.go:623.17,625.4 1 0
github.com/prismon/mcp-space-browser/pkg/server/mcp_tools.go:627.3,627.53 1 0
github.com/prismon/mcp-space-browser/pkg/server/mcp_tools.go:631.72,640.102 2 0
github.com/prismon/mcp-space-browser/pkg/server/mcp_tools.go:640.102,645.72 2 0
github.com/prismon/mcp-space-browser/pkg/server/mcp_tools.go:645.72,647.4 1 0
github.com/prismon/mcp-space-browser/pkg/server/mcp_tools.go:649.3,650.17 2 0
github.com/prismon/mcp-space-browser/pkg/server/mcp_tools.go:650.17,652.4 1 0
github.com/prismon/mcp-space-browser/pkg/server/mcp_tools.go:654.3,655.17 2 0
github.com/prismon/mcp-space-browser/pkg/server/mcp_tools.go:655.17,657.4 1 0
github.com/prismon/mcp-space-browser/pkg/server/mcp_tools.go:658.3,658.17 1 0
github.com/prismon/mcp-space-browser/pkg/server/mcp_tools.go:658.17,660.4 1 0
github.com/prismon/mcp-space-browser/pkg/server/mcp_tools.go:662.3,671.17 3 0
github.com/prismon/mcp-space-browser/pkg/server/mcp_tools.go:671.17,673.4 1 0
github.com/prismon/mcp-space-browser/pkg/server/mcp_tools.go:675.3,675.53 1 0
github.com/prismon/mcp-space-browser/pkg/server/mcp_tools.go:679.69,699.102 2 0
github.com/prismon/mcp-space-browser/pkg/server/mcp_tools.go:699.102,708.72 2 0
github.com/prismon/mcp-space-browser/pkg/server/mcp_tools.go:708.72,710.4 1 0
github.com/prismon/mcp-space-browser/pkg/server/mcp_tools.go:713.3,717.49 3 0
github.com/prismon/mcp-space-browser/pkg/server/mcp_tools.go:717.49,720.4 1 0
github.com/prismon/mcp-space-browser/pkg/server/mcp_tools.go:720.9,720.32 1 0
github.com/prismon/mcp-space-browser/pkg/server/mcp_tools.go:720.32,722.4 1 0
github.com/prismon/mcp-space-browser/pkg/server/mcp_tools.go:725.3,726.17 2 0
github.com/prismon/mcp-space-browser/pkg/server/mcp_tools.go:726.17,728.4 1 0
github.com/prismon/mcp-space-browser/pkg/server/mcp_tools.go:731.3,732.28 2 0
github.com/prismon/mcp-space-browser/pkg/server/mcp_tools.go:732.28,734.50 1 0
github.com/prismon/mcp-space-browser/pkg/server/mcp_tools.go:734.50,735.59 1 0
github.com/prismon/mcp-space-browser/pkg/server/mcp_tools.go:735.59,736.14 1 0
github.com/prismon/mcp-space-browser/pkg/server/mcp_tools.go:741.4,741.67 1 0
github.com/prismon/mcp-space-browser/pkg/server/mcp_tools.go:741.67,742.13 1 0
github.com/prismon/mcp-space-browser/pkg/server/mcp_tools.go:744.4,744.67 1 0
github.com/prismon/mcp-space-browser/pkg/server/mcp_tools.go:744.67,745.13 1 0
github.com/prismon/mcp-space-browser/pkg/server/mcp_tools.go:748.4,751.34 2 0
github.com/prismon/mcp-space-browser/pkg/server/mcp_tools.go:751.34,752.10 1 0
github.com/prismon/mcp-space-browser/pkg/server/mcp_tools.go:757.3,758.36 2 0
github.com/prismon/mcp-space-browser/pkg/server/mcp_tools.go:758.36,768.28 2 0
github.com/prismon/mcp-space-browser/pkg/server/mcp_tools.go:768.28,770.5 1 0
github.com/prismon/mcp-space-browser/pkg/server/mcp_tools.go:771.4,771.30 1 0
github.com/prismon/mcp-space-browser/pkg/server/mcp_tools.go:771.30,773.5 1 0
github.com/prismon/mcp-space-browser/pkg/server/mcp_tools.go:776.4,776.27 1 0
github.com/prismon/mcp-space-browser/pkg/server/mcp_tools.go:776.27,778.76 2 0
github.com/prismon/mcp-space-browser/pkg/server/mcp_tools.go:778.76,780.6 1 0
github.com/prismon/mcp-space-browser/pkg/server/mcp_tools.go:784.4,784.24 1 0
github.com/prismon/mcp-space-browser/pkg/server/mcp_tools.go:784.24,786.5 1 0
github.com/prismon/mcp-space-browser/pkg/server/mcp_tools.go:789.4,789.31 1 0
github.com/prismon/mcp-space-browser/pkg/server/mcp_tools.go:789.31,791.28 2 0
github.com/prismon/mcp-space-browser/pkg/server/mcp_tools.go:791.28,793.77 2 0
github.com/prismon/mcp-space-browser/pkg/server/mcp_tools.go:793.77,796.7 1 0
github.com/prismon/mcp-space-browser/pkg/server/mcp_tools.go:800.4,800.38 1 0
github.com/prismon/mcp-space-browser/pkg/server/mcp_tools.go:803.3,815.17 3 0
github.com/prismon/mcp-space-browser/pkg/server/mcp_tools.go:815.17,817.4 1 0
github.com/prismon/mcp-space-browser/pkg/server/mcp_tools.go:819.3,819.53 1 0
github.com/prismon/mcp-space-browser/pkg/server/mcp_tools.go:823.70,832.102 2 0
github.com/prismon/mcp-space-browser/pkg/server/mcp_tools.go:832.102,837.72 2 0
github.com/prismon/mcp-space-browser/pkg/server/mcp_tools.go:837.72,839.4 1 0
github.com/prismon/mcp-space-browser/pkg/server/mcp_tools.go:841.3,842.17 2 0
github.com/prismon/mcp-space-browser/pkg/server/mcp_tools.go:842.17,844.4 1 0
github.com/prismon/mcp-space-browser/pkg/server/mcp_tools.go:847.3,848.17 2 0
github.com/prismon/mcp-space-browser/pkg/server/mcp_tools.go:848.17,850.4 1 0
github.com/prismon/mcp-space-browser/pkg/server/mcp_tools.go:851.3,851.17 1 0
github.com/prismon/mcp-space-browser/pkg/server/mcp_tools.go:851.17,853.4 1 0
github.com/prismon/mcp-space-browser/pkg/server/mcp_tools.go:856.3,856.32 1 0
github.com/prismon/mcp-space-browser/pkg/server/mcp_tools.go:856.32,858.4 1 0
github.com/prismon/mcp-space-browser/pkg/server/mcp_tools.go:859.3,859.29 1 0
github.com/prismon/mcp-space-browser/pkg/server/mcp_tools.go:859.29,861.4 1 0
github.com/prismon/mcp-space-browser/pkg/server/mcp_tools.go:862.3,862.32 1 0
github.com/prismon/mcp-space-browser/pkg/server/mcp_tools.go:862.32,864.4 1 0
github.com/prismon/mcp-space-browser/pkg/server/mcp_tools.go:867.3,867.71 1 0
github.com/prismon/mcp-space-browser/pkg/server/mcp_tools.go:867.71,869.4 1 0
github.com/prismon/mcp-space-browser/pkg/server/mcp_tools.go:871.3,885.17 4 0
github.com/prismon/mcp-space-browser/pkg/server/mcp_tools.go:885.17,887.4 1 0
github.com/prismon/mcp-space-browser/pkg/server/mcp_tools.go:889.3,889.53 1 0
github.com/prismon/mcp-space-browser/pkg/server/mcp_tools.go:895.75,911.102 2 0
github.com/prismon/mcp-space-browser/pkg/server/mcp_tools.go:911.102,918.72 2 0
github.com/prismon/mcp-space-browser/pkg/server/mcp_tools.go:918.72,920.4 1 0
github.com/prismon/mcp-space-browser/pkg/server/mcp_tools.go:922.3,931.17 3 0
github.com/prismon/mcp-space-browser/pkg/server/mcp_tools.go:931.17,933.4 1 0
github.com/prismon/mcp-space-browser/pkg/server/mcp_tools.go:935.3,935.105 1 0
github.com/prismon/mcp-space-browser/pkg/server/mcp_tools.go:939.73,944.102 2 0
github.com/prismon/mcp-space-browser/pkg/server/mcp_tools.go:944.102,946.17 2 0
github.com/prismon/mcp-space-browser/pkg/server/mcp_tools.go:946.17,948.4 1 0
github.com/prismon/mcp-space-browser/pkg/server/mcp_tools.go:950.3,951.17 2 0
github.com/prismon/mcp-space-browser/pkg/server/mcp_tools.go:951.17,953.4 1 0
github.com/prismon/mcp-space-browser/pkg/server/mcp_tools.go:955.3,955.52 1 0
github.com/prismon/mcp-space-browser/pkg/server/mcp_tools.go:959.72,968.102 2 0
github.com/prismon/mcp-space-browser/pkg/server/mcp_tools.go:968.102,973.72 2 0
github.com/prismon/mcp-space-browser/pkg/server/mcp_tools.go:973.72,975.4 1 0
github.com/prismon/mcp-space-browser/pkg/server/mcp_tools.go:977.3,978.17 2 0
github.com/prismon/mcp-space-browser/pkg/server/mcp_tools.go:978.17,980.4 1 0
github.com/prismon/mcp-space-browser/pkg/server/mcp_tools.go:983.3,987.17 4 0
github.com/prismon/mcp-space-browser/pkg/server/mcp_tools.go:987.17,989.4 1 0
github.com/prismon/mcp-space-browser/pkg/server/mcp_tools.go:991.3,991.44 1 0
github.com/prismon/mcp-space-browser/pkg/server/mcp_tools.go:995.75,1013.102 2 0
github.com/prismon/mcp-space-browser/pkg/server/mcp_tools.go:1013.102,1020.72 2 0
github.com/prismon/mcp-space-browser/pkg/server/mcp_tools.go:1020.72,1022.4 1 0
github.com/prismon/mcp-space-browser/pkg/server/mcp_tools.go:1025.3,1026.23 2 0
github.com/prismon/mcp-space-browser/pkg/server/mcp_tools.go:1026.23,1029.4 1 0
github.com/prismon/mcp-space-browser/pkg/server/mcp_tools.go:1031.3,1032.30 2 0
github.com/prismon/mcp-space-browser/pkg/server/mcp_tools.go:1032.30,1034.4 1 0
github.com/prismon/mcp-space-browser/pkg/server/mcp_tools.go:1034.9,1034.40 1 0
github.com/prismon/mcp-space-browser/pkg/server/mcp_tools.go:1034.40,1036.4 1 0
github.com/prismon/mcp-space-browser/pkg/server/mcp_tools.go:1036.9,1038.4 1 0
github.com/prismon/mcp-space-browser/pkg/server/mcp_tools.go:1040.3,1040.17 1 0
github.com/prismon/mcp-space-browser/pkg/server/mcp_tools.go:1040.17,1042.4 1 0
github.com/prismon/mcp-space-browser/pkg/server/mcp_tools.go:1044.3,1044.109 1 0
github.com/prismon/mcp-space-browser/pkg/server/mcp_tools.go:1048.75,1057.102 2 0
github.com/prismon/mcp-space-browser/pkg/server/mcp_tools.go:1057.102,1062.72 2 0
github.com/prismon/mcp-space-browser/pkg/server/mcp_tools.go:1062.72,1064.4 1 0
github.com/prismon/mcp-space-browser/pkg/server/mcp_tools.go:1066.3,1066.58 1 0
github.com/prismon/mcp-space-browser/pkg/server/mcp_tools.go:1066.58,1068.4 1 0
github.com/prismon/mcp-space-browser/pkg/server/mcp_tools.go:1070.3,1070.90 1 0
github.com/prismon/mcp-space-browser/pkg/server/mcp_tools.go:1076.68,1096.102 2 0
github.com/prismon/mcp-space-browser/pkg/server/mcp_tools.go:1096.102,1104.72 2 0
github.com/prismon/mcp-space-browser/pkg/server/mcp_tools.go:1104.72,1106.4 1 0
github.com/prismon/mcp-space-browser/pkg/server/mcp_tools.go:1108.3,1118.17 3 0
github.com/prismon/mcp-space-browser/pkg/server/mcp_tools.go:1118.17,1120.4 1 0
github.com/prismon/mcp-space-browser/pkg/server/mcp_tools.go:1122.3,1122.97 1 0
github.com/prismon/mcp-space-browser/pkg/server/mcp_tools.go:1126.69,1135.102 2 0
github.com/prismon/mcp-space-browser/pkg/server/mcp_tools.go:1135.102,1140.72 2 0
github.com/prismon/mcp-space-browser/pkg/server/mcp_tools.go:1140.72,1142.4 1 0
github.com/prismon/mcp-space-browser/pkg/server/mcp_tools.go:1144.3,1145.17 2 0
github.com/prismon/mcp-space-browser/pkg/server/mcp_tools.go:1145.17,1147.4 1 0
github.com/prismon/mcp-space-browser/pkg/server/mcp_tools.go:1150.3,1154.17 4 0
github.com/prismon/mcp-space-browser/pkg/server/mcp_tools.go:1154.17,1156.4 1 0
github.com/prismon/mcp-space-browser/pkg/server/mcp_tools.go:1158.3,1158.44 1 0
github.com/prismon/mcp-space-browser/pkg/server/mcp_tools.go:1162.66,1167.102 2 0
github.com/prismon/mcp-space-browser/pkg/server/mcp_tools.go:1167.102,1169.17 2 0
github.com/prismon/mcp-space-browser/pkg/server/mcp_tools.go:1169.17,1171.4 1 0
github.com/prismon/mcp-space-browser/pkg/server/mcp_tools.go:1173.3,1174.17 2 0
github.com/prismon/mcp-space-browser/pkg/server/mcp_tools.go:1174.17,1176.4 1 0
github.com/prismon/mcp-space-browser/pkg/server/mcp_tools.go:1178.3,1178.52 1 0
github.com/prismon/mcp-space-browser/pkg/server/mcp_tools.go:1182.65,1191.102 2 0
github.com/prismon/mcp-space-browser/pkg/server/mcp_tools.go:1191.102,1196.72 2 0
github.com/prismon/mcp-space-browser/pkg/server/mcp_tools.go:1196.72,1198.4 1 0
github.com/prismon/mcp-space-browser/pkg/server/mcp_tools.go:1200.3,1201.17 2 0
github.com/prismon/mcp-space-browser/pkg/server/mcp_tools.go:1201.17,1203.4 1 0
[...]
github.com/prismon/mcp-space-browser/pkg/classifier/go.go:70.2,70.37 1 0
github.com/prismon/mcp-space-browser/pkg/classifier/go.go:70.37,72.3 1 0
github.com/prismon/mcp-space-browser/pkg/classifier/go.go:75.2,75.73 1 0
github.com/prismon/mcp-space-browser/pkg/classifier/go.go:75.73,77.3 1 0
github.com/prismon/mcp-space-browser/pkg/classifier/go.go:81.2,81.40 1 0
github.com/prismon/mcp-space-browser/pkg/classifier/go.go:85.85,92.16 3 1
github.com/prismon/mcp-space-browser/pkg/classifier/go.go:92.16,94.3 1 0
github.com/prismon/mcp-space-browser/pkg/classifier/go.go:95.2,99.16 3 1
github.com/prismon/mcp-space-browser/pkg/classifier/go.go:99.16,101.3 1 0
github.com/prismon/mcp-space-browser/pkg/classifier/go.go:103.2,109.62 3 1
github.com/prismon/mcp-space-browser/pkg/classifier/go.go:109.62,111.3 1 0
github.com/prismon/mcp-space-browser/pkg/classifier/go.go:113.2,116.3 1 1
github.com/prismon/mcp-space-browser/pkg/classifier/go.go:120.87,129.67 3 1
github.com/prismon/mcp-space-browser/pkg/classifier/go.go:129.67,131.3 1 0
github.com/prismon/mcp-space-browser/pkg/classifier/go.go:133.2,136.3 1 1
github.com/prismon/mcp-space-browser/pkg/classifier/go.go:140.72,152.25 7 1
github.com/prismon/mcp-space-browser/pkg/classifier/go.go:152.25,155.3 2 0
github.com/prismon/mcp-space-browser/pkg/classifier/go.go:158.2,163.12 3 1
github.com/prismon/mcp-space-browser/pkg/classifier/go.go:167.60,176.2 4 1
github.com/prismon/mcp-space-browser/pkg/classifier/go.go:179.65,181.16 2 1
github.com/prismon/mcp-space-browser/pkg/classifier/go.go:181.16,183.3 1 0
github.com/prismon/mcp-space-browser/pkg/classifier/go.go:184.2,186.63 2 1
github.com/prismon/mcp-space-browser/pkg/classifier/manager.go:17.28,29.2 4 1
github.com/prismon/mcp-space-browser/pkg/classifier/manager.go:32.42,33.14 1 1
github.com/prismon/mcp-space-browser/pkg/classifier/manager.go:33.14,35.3 1 0
github.com/prismon/mcp-space-browser/pkg/classifier/manager.go:36.2,39.33 2 1
github.com/prismon/mcp-space-browser/pkg/classifier/manager.go:43.74,44.34 1 1
github.com/prismon/mcp-space-browser/pkg/classifier/manager.go:44.34,45.48 1 1
github.com/prismon/mcp-space-browser/pkg/classifier/manager.go:45.48,47.4 1 1
github.com/prismon/mcp-space-browser/pkg/classifier/manager.go:49.2,49.81 1 0
github.com/prismon/mcp-space-browser/pkg/classifier/manager.go:53.75,55.16 2 1
github.com/prismon/mcp-space-browser/pkg/classifier/manager.go:55.16,57.3 1 0
github.com/prismon/mcp-space-browser/pkg/classifier/manager.go:59.2,67.51 3 1
github.com/prismon/mcp-space-browser/pkg/classifier/manager.go:67.51,73.42 2 0
github.com/prismon/mcp-space-browser/pkg/classifier/manager.go:73.42,74.30 1 0
github.com/prismon/mcp-space-browser/pkg/classifier/manager.go:74.30,75.13 1 0
github.com/prismon/mcp-space-browser/pkg/classifier/manager.go:77.4,77.69 1 0
github.com/prismon/mcp-space-browser/pkg/classifier/manager.go:77.69,78.13 1 0
github.com/prismon/mcp-space-browser/pkg/classifier/manager.go:81.4,83.27 3 0
github.com/prismon/mcp-space-browser/pkg/classifier/manager.go:83.27,84.10 1 0
github.com/prismon/mcp-space-browser/pkg/classifier/manager.go:89.2,89.15 1 1
github.com/prismon/mcp-space-browser/pkg/classifier/manager.go:93.79,95.16 2 0
github.com/prismon/mcp-space-browser/pkg/classifier/manager.go:95.16,97.3 1 0
github.com/prismon/mcp-space-browser/pkg/classifier/manager.go:99.2,108.51 3 0
github.com/prismon/mcp-space-browser/pkg/classifier/manager.go:108.51,113.42 2 0
github.com/prismon/mcp-space-browser/pkg/classifier/manager.go:113.42,114.30 1 0
github.com/prismon/mcp-space-browser/pkg/classifier/manager.go:114.30,115.13 1 0
github.com/prismon/mcp-space-browser/pkg/classifier/manager.go:117.4,117.69 1 0
github.com/prismon/mcp-space-browser/pkg/classifier/manager.go:117.69,118.13 1 0
github.com/prismon/mcp-space-browser/pkg/classifier/manager.go:121.4,123.27 3 0
github.com/prismon/mcp-space-browser/pkg/classifier/manager.go:123.27,124.10 1 0
github.com/prismon/mcp-space-browser/pkg/classifier/manager.go:129.2,129.15 1 0
github.com/prismon/mcp-space-browser/pkg/classifier/manager.go:133.62,135.34 2 1
github.com/prismon/mcp-space-browser/pkg/classifier/manager.go:135.34,144.3 1 1
github.com/prismon/mcp-space-browser/pkg/classifier/manager.go:145.2,145.13 1 1
github.com/prismon/mcp-space-browser/pkg/classifier/metadata_extractor.go:53.51,54.20 1 1
github.com/prismon/mcp-space-browser/pkg/classifier/metadata_extractor.go:54.20,56.3 1 1
github.com/prismon/mcp-space-browser/pkg/classifier/metadata_extractor.go:57.2,58.16 2 1
github.com/prismon/mcp-space-browser/pkg/classifier/metadata_extractor.go:58.16,60.3 1 0
github.com/prismon/mcp-space-browser/pkg/classifier/metadata_extractor.go:61.2,61.26 1 1
github.com/prismon/mcp-space-browser/pkg/classifier/metadata_extractor.go:65.47,68.13 2 1
github.com/prismon/mcp-space-browser/pkg/classifier/metadata_extractor.go:69.88,70.22 1 1
github.com/prismon/mcp-space-browser/pkg/classifier/metadata_extractor.go:71.47,72.23 1 1
github.com/prismon/mcp-space-browser/pkg/classifier/metadata_extractor.go:73.31,74.26 1 1
github.com/prismon/mcp-space-browser/pkg/classifier/metadata_extractor.go:75.10,76.25 1 1
github.com/prismon/mcp-space-browser/pkg/classifier/metadata_extractor.go:81.47,83.2 1 1
github.com/prismon/mcp-space-browser/pkg/classifier/metadata_manager.go:14.44,24.2 4 1
github.com/prismon/mcp-space-browser/pkg/classifier/metadata_manager.go:27.74,29.2 1 1
github.com/prismon/mcp-space-browser/pkg/classifier/metadata_manager.go:32.75,33.41 1 1
github.com/prismon/mcp-space-browser/pkg/classifier/metadata_manager.go:33.41,34.63 1 1
github.com/prismon/mcp-space-browser/pkg/classifier/metadata_manager.go:34.63,36.4 1 1
github.com/prismon/mcp-space-browser/pkg/classifier/metadata_manager.go:38.2,38.12 1 1
github.com/prismon/mcp-space-browser/pkg/classifier/metadata_manager.go:42.98,44.45 1 1
github.com/prismon/mcp-space-browser/pkg/classifier/metadata_manager.go:44.45,48.3 1 1
github.com/prismon/mcp-space-browser/pkg/classifier/metadata_manager.go:51.2,52.22 2 1
github.com/prismon/mcp-space-browser/pkg/classifier/metadata_manager.go:52.22,56.3 1 1
github.com/prismon/mcp-space-browser/pkg/classifier/metadata_manager.go:59.2,69.31 3 1
github.com/prismon/mcp-space-browser/pkg/classifier/metadata_manager.go:73.68,75.2 1 1
github.com/prismon/mcp-space-browser/pkg/classifier/metadata_manager.go:78.69,81.41 2 1
github.com/prismon/mcp-space-browser/pkg/classifier/metadata_manager.go:81.41,87.3 2 1
github.com/prismon/mcp-space-browser/pkg/classifier/metadata_manager.go:89.2,89.15 1 1
github.com/prismon/mcp-space-browser/pkg/classifier/text.go:23.42,25.2 1 1
github.com/prismon/mcp-space-browser/pkg/classifier/text.go:28.40,30.2 1 1
github.com/prismon/mcp-space-browser/pkg/classifier/text.go:33.58,35.2 1 1
github.com/prismon/mcp-space-browser/pkg/classifier/text.go:38.45,40.2 1 1
github.com/prismon/mcp-space-browser/pkg/classifier/text.go:43.72,51.16 3 1
github.com/prismon/mcp-space-browser/pkg/classifier/text.go:51.16,54.3 2 1
github.com/prismon/mcp-space-browser/pkg/classifier/text.go:55.2,59.16 3 1
github.com/prismon/mcp-space-browser/pkg/classifier/text.go:59.16,62.3 2 0
github.com/prismon/mcp-space-browser/pkg/classifier/text.go:65.2,66.18 2 1
github.com/prismon/mcp-space-browser/pkg/classifier/text.go:66.18,68.3 1 1
github.com/prismon/mcp-space-browser/pkg/classifier/text.go:71.2,72.24 2 1
github.com/prismon/mcp-space-browser/pkg/classifier/text.go:72.24,74.3 1 1
github.com/prismon/mcp-space-browser/pkg/classifier/text.go:76.2,78.63 3 1
github.com/prismon/mcp-space-browser/pkg/classifier/text.go:78.63,81.3 2 0
github.com/prismon/mcp-space-browser/pkg/classifier/text.go:82.2,92.12 6 1
github.com/prismon/mcp-space-browser/pkg/classifier/text.go:92.12,100.36 6 1
github.com/prismon/mcp-space-browser/pkg/classifier/text.go:100.36,103.4 2 1
github.com/prismon/mcp-space-browser/pkg/classifier/text.go:103.9,106.4 2 1
github.com/prismon/mcp-space-browser/pkg/classifier/text.go:107.8,110.3 2 0
github.com/prismon/mcp-space-browser/pkg/classifier/text.go:112.2,112.15 1 1
github.com/prismon/mcp-space-browser/pkg/classifier/text.go:116.34,117.16 1 1
github.com/prismon/mcp-space-browser/pkg/classifier/text.go:117.16,119.3 1 0
github.com/prismon/mcp-space-browser/pkg/classifier/text.go:120.2,121.26 2 1
github.com/prismon/mcp-space-browser/pkg/classifier/text.go:121.26,122.17 1 1
github.com/prismon/mcp-space-browser/pkg/classifier/text.go:122.17,124.4 1 1
github.com/prismon/mcp-space-browser/pkg/classifier/text.go:126.2,126.14 1 1
github.com/prismon/mcp-space-browser/pkg/classifier/text.go:130.34,131.16 1 1
github.com/prismon/mcp-space-browser/pkg/classifier/text.go:131.16,133.3 1 0
github.com/prismon/mcp-space-browser/pkg/classifier/text.go:134.2,134.34 1 1
github.com/prismon/mcp-space-browser/pkg/crawler/crawler.go:23.13,25.2 1 1
github.com/prismon/mcp-space-browser/pkg/crawler/crawler.go:46.115,50.16 3 1
github.com/prismon/mcp-space-browser/pkg/crawler/crawler.go:50.16,52.3 1 0
github.com/prismon/mcp-space-browser/pkg/crawler/crawler.go:55.2,55.42 1 1
github.com/prismon/mcp-space-browser/pkg/crawler/crawler.go:55.42,57.3 1 1
github.com/prismon/mcp-space-browser/pkg/crawler/crawler.go:58.2,77.46 9 1
github.com/prismon/mcp-space-browser/pkg/crawler/crawler.go:77.46,79.3 1 0
github.com/prismon/mcp-space-browser/pkg/crawler/crawler.go:81.2,81.15 1 1
github.com/prismon/mcp-space-browser/pkg/crawler/crawler.go:81.15,82.31 1 1
github.com/prismon/mcp-space-browser/pkg/crawler/crawler.go:82.31,84.12 2 0
github.com/prismon/mcp-space-browser/pkg/crawler/crawler.go:88.2,88.21 1 1
github.com/prismon/mcp-space-browser/pkg/crawler/crawler.go:88.21,93.47 3 1
github.com/prismon/mcp-space-browser/pkg/crawler/crawler.go:93.47,98.4 1 0
github.com/prismon/mcp-space-browser/pkg/crawler/crawler.go:100.3,101.17 2 1
github.com/prismon/mcp-space-browser/pkg/crawler/crawler.go:101.17,107.12 3 0
github.com/prismon/mcp-space-browser/pkg/crawler/crawler.go:110.3,112.24 3 1
github.com/prismon/mcp-space-browser/pkg/crawler/crawler.go:112.24,114.4 1 0
github.com/prismon/mcp-space-browser/pkg/crawler/crawler.go:116.3,117.19 2 1
github.com/prismon/mcp-space-browser/pkg/crawler/crawler.go:117.19,119.4 1 1
github.com/prismon/mcp-space-browser/pkg/crawler/crawler.go:121.3,131.12 2 1
github.com/prismon/mcp-space-browser/pkg/crawler/crawler.go:131.12,133.4 1 1
github.com/prismon/mcp-space-browser/pkg/crawler/crawler.go:135.3,135.50 1 1
github.com/prismon/mcp-space-browser/pkg/crawler/crawler.go:135.50,141.12 3 0
github.com/prismon/mcp-space-browser/pkg/crawler/crawler.go:144.3,147.34 2 1
github.com/prismon/mcp-space-browser/pkg/crawler/crawler.go:147.34,148.49 1 1
github.com/prismon/mcp-space-browser/pkg/crawler/crawler.go:148.49,150.5 1 0
github.com/prismon/mcp-space-browser/pkg/crawler/crawler.go:152.4,152.48 1 1
github.com/prismon/mcp-space-browser/pkg/crawler/crawler.go:152.48,154.5 1 0
github.com/prismon/mcp-space-browser/pkg/crawler/crawler.go:157.4,157.48 1 1
github.com/prismon/mcp-space-browser/pkg/crawler/crawler.go:157.48,159.5 1 0
github.com/prismon/mcp-space-browser/pkg/crawler/crawler.go:161.4,161.22 1 1
github.com/prismon/mcp-space-browser/pkg/crawler/crawler.go:164.3,164.12 1 1
github.com/prismon/mcp-space-browser/pkg/crawler/crawler.go:164.12,167.48 2 1
github.com/prismon/mcp-space-browser/pkg/crawler/crawler.go:167.48,169.5 1 0
github.com/prismon/mcp-space-browser/pkg/crawler/crawler.go:171.4,172.18 2 1
github.com/prismon/mcp-space-browser/pkg/crawler/crawler.go:172.18,178.13 3 0
github.com/prismon/mcp-space-browser/pkg/crawler/crawler.go:181.4,181.48 1 1
github.com/prismon/mcp-space-browser/pkg/crawler/crawler.go:181.48,186.5 1 0
github.com/prismon/mcp-space-browser/pkg/crawler/crawler.go:188.4,188.35 1 1
github.com/prismon/mcp-space-browser/pkg/crawler/crawler.go:188.35,190.5 1 1
github.com/prismon/mcp-space-browser/pkg/crawler/crawler.go:191.9,195.48 3 1
github.com/prismon/mcp-space-browser/pkg/crawler/crawler.go:195.48,200.5 1 0
github.com/prismon/mcp-space-browser/pkg/crawler/crawler.go:204.3,205.47 2 1
github.com/prismon/mcp-space-browser/pkg/crawler/crawler.go:205.47,213.31 2 0
github.com/prismon/mcp-space-browser/pkg/crawler/crawler.go:213.31,215.5 1 0
github.com/prismon/mcp-space-browser/pkg/crawler/crawler.go:217.4,217.25 1 0
github.com/prismon/mcp-space-browser/pkg/crawler/crawler.go:221.3,221.63 1 1
github.com/prismon/mcp-space-browser/pkg/crawler/crawler.go:221.63,225.66 2 0
github.com/prismon/mcp-space-browser/pkg/crawler/crawler.go:225.66,230.5 2 0
github.com/prismon/mcp-space-browser/pkg/crawler/crawler.go:232.4,237.19 1 0
github.com/prismon/mcp-space-browser/pkg/crawler/crawler.go:237.19,239.5 1 0
github.com/prismon/mcp-space-browser/pkg/crawler/crawler.go:240.4,240.28 1 0
github.com/prismon/mcp-space-browser/pkg/crawler/crawler.go:245.2,245.47 1 1
github.com/prismon/mcp-space-browser/pkg/crawler/crawler.go:245.47,248.3 2 0
github.com/prismon/mcp-space-browser/pkg/crawler/crawler.go:250.2,250.46 1 1
github.com/prismon/mcp-space-browser/pkg/crawler/crawler.go:250.46,255.3 1 0
github.com/prismon/mcp-space-browser/pkg/crawler/crawler.go:257.2,267.29 2 1
github.com/prismon/mcp-space-browser/pkg/crawler/crawler.go:267.29,269.3 1 0
github.com/prismon/mcp-space-browser/pkg/crawler/crawler.go:271.2,276.51 2 1
github.com/prismon/mcp-space-browser/pkg/crawler/crawler.go:276.51,278.3 1 0
github.com/prismon/mcp-space-browser/pkg/crawler/crawler.go:280.2,282.50 2 1
github.com/prismon/mcp-space-browser/pkg/crawler/crawler.go:282.50,284.3 1 0
github.com/prismon/mcp-space-browser/pkg/crawler/crawler.go:286.2,294.19 4 1
github.com/prismon/mcp-space-browser/pkg/crawler/parallel.go:53.58,59.2 1 0
github.com/prismon/mcp-space-browser/pkg/crawler/parallel.go:62.103,65.17 2 0
github.com/prismon/mcp-space-browser/pkg/crawler/parallel.go:65.17,67.3 1 0
github.com/prismon/mcp-space-browser/pkg/crawler/parallel.go:69.2,70.16 2 0
github.com/prismon/mcp-space-browser/pkg/crawler/parallel.go:70.16,72.3 1 0
github.com/prismon/mcp-space-browser/pkg/crawler/parallel.go:75.2,75.42 1 0
github.com/prismon/mcp-space-browser/pkg/crawler/parallel.go:75.42,77.3 1 0
github.com/prismon/mcp-space-browser/pkg/crawler/parallel.go:78.2,86.16 4 0
github.com/prismon/mcp-space-browser/pkg/crawler/parallel.go:86.16,88.3 1 0
github.com/prismon/mcp-space-browser/pkg/crawler/parallel.go:90.2,90.48 1 0
github.com/prismon/mcp-space-browser/pkg/crawler/parallel.go:90.48,92.3 1 0
github.com/prismon/mcp-space-browser/pkg/crawler/parallel.go:94.2,127.46 8 0
github.com/prismon/mcp-space-browser/pkg/crawler/parallel.go:127.46,129.3 1 0
github.com/prismon/mcp-space-browser/pkg/crawler/parallel.go:131.2,131.15 1 0
github.com/prismon/mcp-space-browser/pkg/crawler/parallel.go:131.15,132.31 1 0
github.com/prismon/mcp-space-browser/pkg/crawler/parallel.go:132.31,134.12 2 0
github.com/prismon/mcp-space-browser/pkg/crawler/parallel.go:139.2,144.53 2 0
github.com/prismon/mcp-space-browser/pkg/crawler/parallel.go:144.53,147.3 2 0
github.com/prismon/mcp-space-browser/pkg/crawler/parallel.go:150.2,156.45 3 0
github.com/prismon/mcp-space-browser/pkg/crawler/parallel.go:156.45,159.3 2 0
github.com/prismon/mcp-space-browser/pkg/crawler/parallel.go:162.2,162.47 1 0
github.com/prismon/mcp-space-browser/pkg/crawler/parallel.go:162.47,165.3 2 0
github.com/prismon/mcp-space-browser/pkg/crawler/parallel.go:167.2,188.17 6 0
github.com/prismon/mcp-space-browser/pkg/crawler/parallel.go:188.17,190.3 1 0
github.com/prismon/mcp-space-browser/pkg/crawler/parallel.go:192.2,197.51 2 0
github.com/prismon/mcp-space-browser/pkg/crawler/parallel.go:197.51,200.3 2 0
github.com/prismon/mcp-space-browser/pkg/crawler/parallel.go:202.2,204.50 2 0
github.com/prismon/mcp-space-browser/pkg/crawler/parallel.go:204.50,207.3 2 0
github.com/prismon/mcp-space-browser/pkg/crawler/parallel.go:210.2,210.73 1 0
github.com/prismon/mcp-space-browser/pkg/crawler/parallel.go:210.73,212.3 1 0
github.com/prismon/mcp-space-browser/pkg/crawler/parallel.go:214.2,230.19 4 0
github.com/prismon/mcp-space-browser/pkg/crawler/parallel.go:234.63,238.6 3 0
github.com/prismon/mcp-space-browser/pkg/crawler/parallel.go:238.6,239.10 1 0
github.com/prismon/mcp-space-browser/pkg/crawler/parallel.go:240.19,254.39 5 0
github.com/prismon/mcp-space-browser/pkg/crawler/parallel.go:254.39,262.5 2 0
github.com/prismon/mcp-space-browser/pkg/crawler/parallel.go:267.4,269.21 3 0
github.com/prismon/mcp-space-browser/pkg/crawler/parallel.go:269.21,273.5 2 0
github.com/prismon/mcp-space-browser/pkg/crawler/parallel.go:276.4,282.19 1 0
github.com/prismon/mcp-space-browser/pkg/crawler/parallel.go:282.19,284.5 1 0
github.com/prismon/mcp-space-browser/pkg/crawler/parallel.go:286.15,287.10 1 0
github.com/prismon/mcp-space-browser/pkg/crawler/parallel.go:293.66,299.35 4 0
github.com/prismon/mcp-space-browser/pkg/crawler/parallel.go:299.35,301.3 1 0
github.com/prismon/mcp-space-browser/pkg/crawler/parallel.go:303.2,303.12 1 0
github.com/prismon/mcp-space-browser/pkg/crawler/parallel.go:307.47,311.2 3 0
github.com/prismon/mcp-space-browser/pkg/crawler/parallel.go:313.53,314.24 1 0
github.com/prismon/mcp-space-browser/pkg/crawler/parallel.go:314.24,316.3 1 0
github.com/prismon/mcp-space-browser/pkg/crawler/parallel.go:318.2,318.33 1 0
github.com/prismon/mcp-space-browser/pkg/crawler/parallel.go:318.33,319.53 1 0
github.com/prismon/mcp-space-browser/pkg/crawler/parallel.go:319.53,321.4 1 0
github.com/prismon/mcp-space-browser/pkg/crawler/parallel.go:324.2,324.46 1 0
github.com/prismon/mcp-space-browser/pkg/crawler/parallel.go:324.46,326.3 1 0
github.com/prismon/mcp-space-browser/pkg/crawler/parallel.go:328.2,329.12 2 0
github.com/prismon/mcp-space-browser/pkg/crawler/parallel.go:333.42,336.2 2 0
github.com/prismon/mcp-space-browser/pkg/crawler/parallel.go:339.43,342.2 2 0
github.com/prismon/mcp-space-browser/pkg/crawler/parallel.go:345.43,349.2 3 0
github.com/prismon/mcp-space-browser/pkg/crawler/parallel.go:358.40,360.2 1 0
github.com/prismon/mcp-space-browser/pkg/crawler/parallel.go:363.63,365.9 1 0
github.com/prismon/mcp-space-browser/pkg/crawler/parallel.go:366.20,367.19 1 0
github.com/prismon/mcp-space-browser/pkg/crawler/parallel.go:368.10,368.10 0 0
github.com/prismon/mcp-space-browser/pkg/crawler/parallel.go:371.2,372.16 2 0
github.com/prismon/mcp-space-browser/pkg/crawler/parallel.go:372.16,379.3 3 0
github.com/prismon/mcp-space-browser/pkg/crawler/parallel.go:381.2,383.22 3 0
github.com/prismon/mcp-space-browser/pkg/crawler/parallel.go:383.22,385.3 1 0
github.com/prismon/mcp-space-browser/pkg/crawler/parallel.go:387.2,388.18 2 0
github.com/prismon/mcp-space-browser/pkg/crawler/parallel.go:388.18,390.3 1 0
github.com/prismon/mcp-space-browser/pkg/crawler/parallel.go:392.2,402.11 2 0
github.com/prismon/mcp-space-browser/pkg/crawler/parallel.go:402.11,404.3 1 0
github.com/prismon/mcp-space-browser/pkg/crawler/parallel.go:407.2,407.52 1 0
github.com/prismon/mcp-space-browser/pkg/crawler/parallel.go:407.52,414.3 3 0
github.com/prismon/mcp-space-browser/pkg/crawler/parallel.go:416.2,416.11 1 0
github.com/prismon/mcp-space-browser/pkg/crawler/parallel.go:416.11,420.17 3 0
github.com/prismon/mcp-space-browser/pkg/crawler/parallel.go:420.17,427.4 3 0
github.com/prismon/mcp-space-browser/pkg/crawler/parallel.go:429.3,429.47 1 0
github.com/prismon/mcp-space-browser/pkg/crawler/parallel.go:429.47,434.4 1 0
github.com/prismon/mcp-space-browser/pkg/crawler/parallel.go:437.3,437.34 1 0
github.com/prismon/mcp-space-browser/pkg/crawler/parallel.go:437.34,444.58 3 0
github.com/prismon/mcp-space-browser/pkg/crawler/parallel.go:444.58,446.49 1 0
github.com/prismon/mcp-space-browser/pkg/crawler/parallel.go:446.49,448.6 1 0
github.com/prismon/mcp-space-browser/pkg/crawler/parallel.go:451.8,455.47 3 0
github.com/prismon/mcp-space-browser/pkg/crawler/parallel.go:455.47,460.4 1 0
github.com/prismon/mcp-space-browser/pkg/crawler/parallel.go:463.2,463.12 1 0
github.com/prismon/mcp-space-browser/pkg/crawler/parallel.go:466.34,468.2 1 0
