mode: set
github.com/prismon/mcp-space-browser/pkg/logger/logger.go:12.13,20.20 4 1
github.com/prismon/mcp-space-browser/pkg/logger/logger.go:20.20,21.13 1 1
github.com/prismon/mcp-space-browser/pkg/logger/logger.go:21.13,23.4 1 1
github.com/prismon/mcp-space-browser/pkg/logger/logger.go:23.9,25.4 1 0
github.com/prismon/mcp-space-browser/pkg/logger/logger.go:29.2,29.26 1 1
github.com/prismon/mcp-space-browser/pkg/logger/logger.go:29.26,31.3 1 1
github.com/prismon/mcp-space-browser/pkg/logger/logger.go:31.8,33.17 2 0
github.com/prismon/mcp-space-browser/pkg/logger/logger.go:33.17,35.4 1 0
github.com/prismon/mcp-space-browser/pkg/logger/logger.go:36.3,36.32 1 0
github.com/prismon/mcp-space-browser/pkg/logger/logger.go:40.2,46.36 2 1
github.com/prismon/mcp-space-browser/pkg/logger/logger.go:50.33,52.2 1 1
github.com/prismon/mcp-space-browser/pkg/logger/logger.go:55.42,57.2 1 1
github.com/prismon/mcp-space-browser/pkg/logger/logger.go:60.53,62.2 1 1
github.com/prismon/mcp-space-browser/pkg/logger/logger.go:65.35,67.2 1 1
github.com/prismon/mcp-space-browser/pkg/logger/logger.go:70.46,72.2 1 1
github.com/prismon/mcp-space-browser/pkg/crawler/crawler.go:17.13,19.2 1 1
github.com/prismon/mcp-space-browser/pkg/crawler/crawler.go:22.52,24.16 2 1
github.com/prismon/mcp-space-browser/pkg/crawler/crawler.go:24.16,26.3 1 0
github.com/prismon/mcp-space-browser/pkg/crawler/crawler.go:28.2,43.46 9 1
github.com/prismon/mcp-space-browser/pkg/crawler/crawler.go:43.46,45.3 1 0
github.com/prismon/mcp-space-browser/pkg/crawler/crawler.go:47.2,47.15 1 1
github.com/prismon/mcp-space-browser/pkg/crawler/crawler.go:47.15,48.31 1 1
github.com/prismon/mcp-space-browser/pkg/crawler/crawler.go:48.31,50.12 2 0
github.com/prismon/mcp-space-browser/pkg/crawler/crawler.go:54.2,54.21 1 1
github.com/prismon/mcp-space-browser/pkg/crawler/crawler.go:54.21,59.47 3 1
github.com/prismon/mcp-space-browser/pkg/crawler/crawler.go:59.47,64.4 1 0
github.com/prismon/mcp-space-browser/pkg/crawler/crawler.go:66.3,67.17 2 1
github.com/prismon/mcp-space-browser/pkg/crawler/crawler.go:67.17,73.12 3 0
github.com/prismon/mcp-space-browser/pkg/crawler/crawler.go:76.3,78.24 3 1
github.com/prismon/mcp-space-browser/pkg/crawler/crawler.go:78.24,80.4 1 0
github.com/prismon/mcp-space-browser/pkg/crawler/crawler.go:82.3,83.19 2 1
github.com/prismon/mcp-space-browser/pkg/crawler/crawler.go:83.19,85.4 1 1
github.com/prismon/mcp-space-browser/pkg/crawler/crawler.go:87.3,97.12 2 1
github.com/prismon/mcp-space-browser/pkg/crawler/crawler.go:97.12,99.4 1 1
github.com/prismon/mcp-space-browser/pkg/crawler/crawler.go:101.3,101.50 1 1
github.com/prismon/mcp-space-browser/pkg/crawler/crawler.go:101.50,107.12 3 0
github.com/prismon/mcp-space-browser/pkg/crawler/crawler.go:110.3,110.12 1 1
github.com/prismon/mcp-space-browser/pkg/crawler/crawler.go:110.12,113.48 2 1
github.com/prismon/mcp-space-browser/pkg/crawler/crawler.go:113.48,115.5 1 0
github.com/prismon/mcp-space-browser/pkg/crawler/crawler.go:117.4,118.18 2 1
github.com/prismon/mcp-space-browser/pkg/crawler/crawler.go:118.18,124.13 3 0
github.com/prismon/mcp-space-browser/pkg/crawler/crawler.go:127.4,127.48 1 1
github.com/prismon/mcp-space-browser/pkg/crawler/crawler.go:127.48,132.5 1 0
github.com/prismon/mcp-space-browser/pkg/crawler/crawler.go:134.4,134.35 1 1
github.com/prismon/mcp-space-browser/pkg/crawler/crawler.go:134.35,136.5 1 1
github.com/prismon/mcp-space-browser/pkg/crawler/crawler.go:137.9,141.48 3 1
github.com/prismon/mcp-space-browser/pkg/crawler/crawler.go:141.48,146.5 1 0
github.com/prismon/mcp-space-browser/pkg/crawler/crawler.go:150.3,151.47 2 1
github.com/prismon/mcp-space-browser/pkg/crawler/crawler.go:151.47,158.4 2 0
github.com/prismon/mcp-space-browser/pkg/crawler/crawler.go:162.2,162.47 1 1
github.com/prismon/mcp-space-browser/pkg/crawler/crawler.go:162.47,165.3 2 0
github.com/prismon/mcp-space-browser/pkg/crawler/crawler.go:167.2,181.51 3 1
github.com/prismon/mcp-space-browser/pkg/crawler/crawler.go:181.51,183.3 1 0
github.com/prismon/mcp-space-browser/pkg/crawler/crawler.go:185.2,187.50 2 1
github.com/prismon/mcp-space-browser/pkg/crawler/crawler.go:187.50,189.3 1 0
github.com/prismon/mcp-space-browser/pkg/crawler/crawler.go:191.2,193.12 2 1
github.com/prismon/mcp-space-browser/pkg/crawler/parallel.go:51.58,57.2 1 0
github.com/prismon/mcp-space-browser/pkg/crawler/parallel.go:60.88,61.17 1 0
github.com/prismon/mcp-space-browser/pkg/crawler/parallel.go:61.17,63.3 1 0
github.com/prismon/mcp-space-browser/pkg/crawler/parallel.go:65.2,66.16 2 0
github.com/prismon/mcp-space-browser/pkg/crawler/parallel.go:66.16,68.3 1 0
github.com/prismon/mcp-space-browser/pkg/crawler/parallel.go:70.2,76.16 3 0
github.com/prismon/mcp-space-browser/pkg/crawler/parallel.go:76.16,78.3 1 0
github.com/prismon/mcp-space-browser/pkg/crawler/parallel.go:80.2,80.48 1 0
github.com/prismon/mcp-space-browser/pkg/crawler/parallel.go:80.48,82.3 1 0
github.com/prismon/mcp-space-browser/pkg/crawler/parallel.go:84.2,116.46 8 0
github.com/prismon/mcp-space-browser/pkg/crawler/parallel.go:116.46,118.3 1 0
github.com/prismon/mcp-space-browser/pkg/crawler/parallel.go:120.2,120.15 1 0
github.com/prismon/mcp-space-browser/pkg/crawler/parallel.go:120.15,121.31 1 0
github.com/prismon/mcp-space-browser/pkg/crawler/parallel.go:121.31,123.12 2 0
github.com/prismon/mcp-space-browser/pkg/crawler/parallel.go:128.2,133.53 2 0
github.com/prismon/mcp-space-browser/pkg/crawler/parallel.go:133.53,136.3 2 0
github.com/prismon/mcp-space-browser/pkg/crawler/parallel.go:139.2,145.45 3 0
github.com/prismon/mcp-space-browser/pkg/crawler/parallel.go:145.45,148.3 2 0
github.com/prismon/mcp-space-browser/pkg/crawler/parallel.go:151.2,151.47 1 0
github.com/prismon/mcp-space-browser/pkg/crawler/parallel.go:151.47,154.3 2 0
github.com/prismon/mcp-space-browser/pkg/crawler/parallel.go:156.2,177.17 6 0
github.com/prismon/mcp-space-browser/pkg/crawler/parallel.go:177.17,179.3 1 0
github.com/prismon/mcp-space-browser/pkg/crawler/parallel.go:181.2,186.51 2 0
github.com/prismon/mcp-space-browser/pkg/crawler/parallel.go:186.51,189.3 2 0
github.com/prismon/mcp-space-browser/pkg/crawler/parallel.go:191.2,193.50 2 0
github.com/prismon/mcp-space-browser/pkg/crawler/parallel.go:193.50,196.3 2 0
github.com/prismon/mcp-space-browser/pkg/crawler/parallel.go:199.2,199.73 1 0
github.com/prismon/mcp-space-browser/pkg/crawler/parallel.go:199.73,201.3 1 0
github.com/prismon/mcp-space-browser/pkg/crawler/parallel.go:203.2,205.12 2 0
github.com/prismon/mcp-space-browser/pkg/crawler/parallel.go:209.63,213.6 3 0
github.com/prismon/mcp-space-browser/pkg/crawler/parallel.go:213.6,214.10 1 0
github.com/prismon/mcp-space-browser/pkg/crawler/parallel.go:215.19,236.19 6 0
github.com/prismon/mcp-space-browser/pkg/crawler/parallel.go:236.19,238.5 1 0
github.com/prismon/mcp-space-browser/pkg/crawler/parallel.go:240.15,241.10 1 0
github.com/prismon/mcp-space-browser/pkg/crawler/parallel.go:247.66,253.35 4 0
github.com/prismon/mcp-space-browser/pkg/crawler/parallel.go:253.35,255.3 1 0
github.com/prismon/mcp-space-browser/pkg/crawler/parallel.go:257.2,257.12 1 0
github.com/prismon/mcp-space-browser/pkg/crawler/parallel.go:261.47,265.2 3 0
github.com/prismon/mcp-space-browser/pkg/crawler/parallel.go:267.53,268.24 1 0
github.com/prismon/mcp-space-browser/pkg/crawler/parallel.go:268.24,270.3 1 0
github.com/prismon/mcp-space-browser/pkg/crawler/parallel.go:272.2,272.33 1 0
github.com/prismon/mcp-space-browser/pkg/crawler/parallel.go:272.33,273.53 1 0
github.com/prismon/mcp-space-browser/pkg/crawler/parallel.go:273.53,275.4 1 0
github.com/prismon/mcp-space-browser/pkg/crawler/parallel.go:278.2,278.46 1 0
github.com/prismon/mcp-space-browser/pkg/crawler/parallel.go:278.46,280.3 1 0
github.com/prismon/mcp-space-browser/pkg/crawler/parallel.go:282.2,283.12 2 0
github.com/prismon/mcp-space-browser/pkg/crawler/parallel.go:287.42,290.2 2 0
github.com/prismon/mcp-space-browser/pkg/crawler/parallel.go:293.43,296.2 2 0
github.com/prismon/mcp-space-browser/pkg/crawler/parallel.go:299.43,303.2 3 0
github.com/prismon/mcp-space-browser/pkg/crawler/parallel.go:312.40,314.2 1 0
github.com/prismon/mcp-space-browser/pkg/crawler/parallel.go:317.63,319.9 1 0
github.com/prismon/mcp-space-browser/pkg/crawler/parallel.go:320.20,321.19 1 0
github.com/prismon/mcp-space-browser/pkg/crawler/parallel.go:322.10,322.10 0 0
github.com/prismon/mcp-space-browser/pkg/crawler/parallel.go:325.2,326.16 2 0
github.com/prismon/mcp-space-browser/pkg/crawler/parallel.go:326.16,333.3 3 0
github.com/prismon/mcp-space-browser/pkg/crawler/parallel.go:335.2,337.22 3 0
github.com/prismon/mcp-space-browser/pkg/crawler/parallel.go:337.22,339.3 1 0
github.com/prismon/mcp-space-browser/pkg/crawler/parallel.go:341.2,342.18 2 0
github.com/prismon/mcp-space-browser/pkg/crawler/parallel.go:342.18,344.3 1 0
github.com/prismon/mcp-space-browser/pkg/crawler/parallel.go:346.2,356.11 2 0
github.com/prismon/mcp-space-browser/pkg/crawler/parallel.go:356.11,358.3 1 0
github.com/prismon/mcp-space-browser/pkg/crawler/parallel.go:361.2,361.52 1 0
github.com/prismon/mcp-space-browser/pkg/crawler/parallel.go:361.52,368.3 3 0
github.com/prismon/mcp-space-browser/pkg/crawler/parallel.go:370.2,370.11 1 0
github.com/prismon/mcp-space-browser/pkg/crawler/parallel.go:370.11,374.17 3 0
github.com/prismon/mcp-space-browser/pkg/crawler/parallel.go:374.17,381.4 3 0
github.com/prismon/mcp-space-browser/pkg/crawler/parallel.go:383.3,383.47 1 0
github.com/prismon/mcp-space-browser/pkg/crawler/parallel.go:383.47,388.4 1 0
github.com/prismon/mcp-space-browser/pkg/crawler/parallel.go:391.3,391.34 1 0
github.com/prismon/mcp-space-browser/pkg/crawler/parallel.go:391.34,398.58 3 0
github.com/prismon/mcp-space-browser/pkg/crawler/parallel.go:398.58,400.49 1 0
github.com/prismon/mcp-space-browser/pkg/crawler/parallel.go:400.49,402.6 1 0
github.com/prismon/mcp-space-browser/pkg/crawler/parallel.go:405.8,409.47 3 0
github.com/prismon/mcp-space-browser/pkg/crawler/parallel.go:409.47,414.4 1 0
github.com/prismon/mcp-space-browser/pkg/crawler/parallel.go:417.2,417.12 1 0
github.com/prismon/mcp-space-browser/pkg/crawler/parallel.go:420.34,422.2 1 0
github.com/prismon/mcp-space-browser/pkg/database/database.go:20.13,22.2 1 1
github.com/prismon/mcp-space-browser/pkg/database/database.go:31.46,35.16 3 1
github.com/prismon/mcp-space-browser/pkg/database/database.go:35.16,37.3 1 0
github.com/prismon/mcp-space-browser/pkg/database/database.go:39.2,40.38 2 1
github.com/prismon/mcp-space-browser/pkg/database/database.go:40.38,43.3 2 0
github.com/prismon/mcp-space-browser/pkg/database/database.go:45.2,45.47 1 1
github.com/prismon/mcp-space-browser/pkg/database/database.go:45.47,48.3 2 0
github.com/prismon/mcp-space-browser/pkg/database/database.go:50.2,50.51 1 1
github.com/prismon/mcp-space-browser/pkg/database/database.go:50.51,53.3 2 0
github.com/prismon/mcp-space-browser/pkg/database/database.go:55.2,55.20 1 1
github.com/prismon/mcp-space-browser/pkg/database/database.go:59.32,60.25 1 1
github.com/prismon/mcp-space-browser/pkg/database/database.go:60.25,62.3 1 1
github.com/prismon/mcp-space-browser/pkg/database/database.go:63.2,63.21 1 1
github.com/prismon/mcp-space-browser/pkg/database/database.go:67.31,81.18 2 1
github.com/prismon/mcp-space-browser/pkg/database/database.go:81.18,83.3 1 0
github.com/prismon/mcp-space-browser/pkg/database/database.go:85.2,85.97 1 1
github.com/prismon/mcp-space-browser/pkg/database/database.go:85.97,87.3 1 0
github.com/prismon/mcp-space-browser/pkg/database/database.go:89.2,89.95 1 1
github.com/prismon/mcp-space-browser/pkg/database/database.go:89.95,91.3 1 0
github.com/prismon/mcp-space-browser/pkg/database/database.go:94.2,102.18 1 1
github.com/prismon/mcp-space-browser/pkg/database/database.go:102.18,104.3 1 0
github.com/prismon/mcp-space-browser/pkg/database/database.go:107.2,114.18 1 1
github.com/prismon/mcp-space-browser/pkg/database/database.go:114.18,116.3 1 0
github.com/prismon/mcp-space-browser/pkg/database/database.go:118.2,118.116 1 1
github.com/prismon/mcp-space-browser/pkg/database/database.go:118.116,120.3 1 0
github.com/prismon/mcp-space-browser/pkg/database/database.go:123.2,135.18 1 1
github.com/prismon/mcp-space-browser/pkg/database/database.go:135.18,137.3 1 0
github.com/prismon/mcp-space-browser/pkg/database/database.go:140.2,149.18 1 1
github.com/prismon/mcp-space-browser/pkg/database/database.go:149.18,151.3 1 0
github.com/prismon/mcp-space-browser/pkg/database/database.go:153.2,153.136 1 1
github.com/prismon/mcp-space-browser/pkg/database/database.go:153.136,155.3 1 0
github.com/prismon/mcp-space-browser/pkg/database/database.go:157.2,158.12 2 1
github.com/prismon/mcp-space-browser/pkg/database/database.go:162.44,178.2 3 1
github.com/prismon/mcp-space-browser/pkg/database/database.go:183.60,184.46 1 1
github.com/prismon/mcp-space-browser/pkg/database/database.go:184.46,190.3 1 0
github.com/prismon/mcp-space-browser/pkg/database/database.go:192.2,201.12 2 1
github.com/prismon/mcp-space-browser/pkg/database/database.go:205.58,206.46 1 1
github.com/prismon/mcp-space-browser/pkg/database/database.go:206.46,208.3 1 0
github.com/prismon/mcp-space-browser/pkg/database/database.go:210.2,216.26 4 1
github.com/prismon/mcp-space-browser/pkg/database/database.go:216.26,218.3 1 1
github.com/prismon/mcp-space-browser/pkg/database/database.go:219.2,219.16 1 1
github.com/prismon/mcp-space-browser/pkg/database/database.go:219.16,221.3 1 0
github.com/prismon/mcp-space-browser/pkg/database/database.go:223.2,223.18 1 1
github.com/prismon/mcp-space-browser/pkg/database/database.go:223.18,225.3 1 1
github.com/prismon/mcp-space-browser/pkg/database/database.go:227.2,227.46 1 1
github.com/prismon/mcp-space-browser/pkg/database/database.go:227.46,232.3 1 0
github.com/prismon/mcp-space-browser/pkg/database/database.go:234.2,234.20 1 1
github.com/prismon/mcp-space-browser/pkg/database/database.go:238.67,239.46 1 1
github.com/prismon/mcp-space-browser/pkg/database/database.go:239.46,241.3 1 0
github.com/prismon/mcp-space-browser/pkg/database/database.go:243.2,244.16 2 1
github.com/prismon/mcp-space-browser/pkg/database/database.go:244.16,246.3 1 0
github.com/prismon/mcp-space-browser/pkg/database/database.go:247.2,250.18 3 1
github.com/prismon/mcp-space-browser/pkg/database/database.go:250.18,254.146 3 1
github.com/prismon/mcp-space-browser/pkg/database/database.go:254.146,256.4 1 0
github.com/prismon/mcp-space-browser/pkg/database/database.go:258.3,258.23 1 1
github.com/prismon/mcp-space-browser/pkg/database/database.go:258.23,260.4 1 1
github.com/prismon/mcp-space-browser/pkg/database/database.go:262.3,262.36 1 1
github.com/prismon/mcp-space-browser/pkg/database/database.go:265.2,265.46 1 1
github.com/prismon/mcp-space-browser/pkg/database/database.go:265.46,270.3 1 0
github.com/prismon/mcp-space-browser/pkg/database/database.go:272.2,272.28 1 1
github.com/prismon/mcp-space-browser/pkg/database/database.go:276.62,288.16 3 1
github.com/prismon/mcp-space-browser/pkg/database/database.go:288.16,290.3 1 0
github.com/prismon/mcp-space-browser/pkg/database/database.go:292.2,298.12 3 1
github.com/prismon/mcp-space-browser/pkg/database/database.go:302.55,311.16 3 1
github.com/prismon/mcp-space-browser/pkg/database/database.go:311.16,313.3 1 0
github.com/prismon/mcp-space-browser/pkg/database/database.go:315.2,316.18 2 1
github.com/prismon/mcp-space-browser/pkg/database/database.go:316.18,318.42 2 1
github.com/prismon/mcp-space-browser/pkg/database/database.go:318.42,321.4 2 0
github.com/prismon/mcp-space-browser/pkg/database/database.go:322.3,322.28 1 1
github.com/prismon/mcp-space-browser/pkg/database/database.go:324.2,330.16 4 1
github.com/prismon/mcp-space-browser/pkg/database/database.go:330.16,332.3 1 0
github.com/prismon/mcp-space-browser/pkg/database/database.go:333.2,336.16 3 1
github.com/prismon/mcp-space-browser/pkg/database/database.go:336.16,338.3 1 0
github.com/prismon/mcp-space-browser/pkg/database/database.go:339.2,343.16 3 1
github.com/prismon/mcp-space-browser/pkg/database/database.go:343.16,345.3 1 0
github.com/prismon/mcp-space-browser/pkg/database/database.go:347.2,350.27 3 1
github.com/prismon/mcp-space-browser/pkg/database/database.go:350.27,352.62 2 1
github.com/prismon/mcp-space-browser/pkg/database/database.go:352.62,355.4 2 0
github.com/prismon/mcp-space-browser/pkg/database/database.go:357.3,357.58 1 1
github.com/prismon/mcp-space-browser/pkg/database/database.go:357.58,360.4 2 0
github.com/prismon/mcp-space-browser/pkg/database/database.go:362.3,362.47 1 1
github.com/prismon/mcp-space-browser/pkg/database/database.go:362.47,367.4 1 0
github.com/prismon/mcp-space-browser/pkg/database/database.go:370.2,370.36 1 1
github.com/prismon/mcp-space-browser/pkg/database/database.go:370.36,372.3 1 0
github.com/prismon/mcp-space-browser/pkg/database/database.go:374.2,379.12 2 1
github.com/prismon/mcp-space-browser/pkg/database/database.go:385.43,388.2 2 1
github.com/prismon/mcp-space-browser/pkg/database/database.go:391.44,394.2 2 1
github.com/prismon/mcp-space-browser/pkg/database/database.go:397.46,400.2 2 1
github.com/prismon/mcp-space-browser/pkg/database/database.go:403.49,405.16 2 1
github.com/prismon/mcp-space-browser/pkg/database/database.go:405.16,407.3 1 0
github.com/prismon/mcp-space-browser/pkg/database/database.go:408.2,411.18 3 1
github.com/prismon/mcp-space-browser/pkg/database/database.go:411.18,415.142 3 1
github.com/prismon/mcp-space-browser/pkg/database/database.go:415.142,417.4 1 0
github.com/prismon/mcp-space-browser/pkg/database/database.go:419.3,419.19 1 1
github.com/prismon/mcp-space-browser/pkg/database/database.go:419.19,421.4 1 0
github.com/prismon/mcp-space-browser/pkg/database/database.go:423.3,423.36 1 1
github.com/prismon/mcp-space-browser/pkg/database/database.go:426.2,426.28 1 1
github.com/prismon/mcp-space-browser/pkg/database/database.go:430.65,432.16 2 1
github.com/prismon/mcp-space-browser/pkg/database/database.go:432.16,434.3 1 0
github.com/prismon/mcp-space-browser/pkg/database/database.go:435.2,435.18 1 1
github.com/prismon/mcp-space-browser/pkg/database/database.go:435.18,437.3 1 0
github.com/prismon/mcp-space-browser/pkg/database/database.go:439.2,448.31 2 1
github.com/prismon/mcp-space-browser/pkg/database/database.go:448.31,450.17 2 1
github.com/prismon/mcp-space-browser/pkg/database/database.go:450.17,452.4 1 0
github.com/prismon/mcp-space-browser/pkg/database/database.go:454.3,454.34 1 1
github.com/prismon/mcp-space-browser/pkg/database/database.go:454.34,456.18 2 1
github.com/prismon/mcp-space-browser/pkg/database/database.go:456.18,458.5 1 0
github.com/prismon/mcp-space-browser/pkg/database/database.go:459.4,459.52 1 1
github.com/prismon/mcp-space-browser/pkg/database/database.go:463.2,463.18 1 1
github.com/prismon/mcp-space-browser/pkg/database/database.go:467.85,481.16 4 1
github.com/prismon/mcp-space-browser/pkg/database/database.go:481.16,483.3 1 0
github.com/prismon/mcp-space-browser/pkg/database/database.go:485.2,501.40 5 1
github.com/prismon/mcp-space-browser/pkg/database/database.go:501.40,503.3 1 0
github.com/prismon/mcp-space-browser/pkg/database/database.go:505.2,505.23 1 1
github.com/prismon/mcp-space-browser/pkg/database/database.go:505.23,508.3 2 1
github.com/prismon/mcp-space-browser/pkg/database/database.go:511.2,519.40 4 1
github.com/prismon/mcp-space-browser/pkg/database/database.go:519.40,521.3 1 0
github.com/prismon/mcp-space-browser/pkg/database/database.go:523.2,523.22 1 1
github.com/prismon/mcp-space-browser/pkg/database/database.go:523.22,526.3 2 1
github.com/prismon/mcp-space-browser/pkg/database/database.go:528.2,536.40 4 1
github.com/prismon/mcp-space-browser/pkg/database/database.go:536.40,538.3 1 0
github.com/prismon/mcp-space-browser/pkg/database/database.go:540.2,540.22 1 1
github.com/prismon/mcp-space-browser/pkg/database/database.go:540.22,543.3 2 1
github.com/prismon/mcp-space-browser/pkg/database/database.go:545.2,545.21 1 1
github.com/prismon/mcp-space-browser/pkg/database/database.go:549.88,554.24 3 1
github.com/prismon/mcp-space-browser/pkg/database/database.go:554.24,557.3 2 0
github.com/prismon/mcp-space-browser/pkg/database/database.go:559.2,559.60 1 1
github.com/prismon/mcp-space-browser/pkg/database/database.go:559.60,561.41 2 0
github.com/prismon/mcp-space-browser/pkg/database/database.go:561.41,564.4 2 0
github.com/prismon/mcp-space-browser/pkg/database/database.go:565.3,565.73 1 0
github.com/prismon/mcp-space-browser/pkg/database/database.go:568.2,568.27 1 1
github.com/prismon/mcp-space-browser/pkg/database/database.go:568.27,571.3 2 1
github.com/prismon/mcp-space-browser/pkg/database/database.go:573.2,573.27 1 1
github.com/prismon/mcp-space-browser/pkg/database/database.go:573.27,576.3 2 0
github.com/prismon/mcp-space-browser/pkg/database/database.go:578.2,578.27 1 1
github.com/prismon/mcp-space-browser/pkg/database/database.go:578.27,580.17 2 0
github.com/prismon/mcp-space-browser/pkg/database/database.go:580.17,583.4 2 0
github.com/prismon/mcp-space-browser/pkg/database/database.go:586.2,586.27 1 1
github.com/prismon/mcp-space-browser/pkg/database/database.go:586.27,588.17 2 0
github.com/prismon/mcp-space-browser/pkg/database/database.go:588.17,591.4 2 0
github.com/prismon/mcp-space-browser/pkg/database/database.go:594.2,594.32 1 1
github.com/prismon/mcp-space-browser/pkg/database/database.go:594.32,597.3 2 0
github.com/prismon/mcp-space-browser/pkg/database/database.go:599.2,599.32 1 1
github.com/prismon/mcp-space-browser/pkg/database/database.go:599.32,602.3 2 0
github.com/prismon/mcp-space-browser/pkg/database/database.go:604.2,604.27 1 1
github.com/prismon/mcp-space-browser/pkg/database/database.go:604.28,606.3 0 0
github.com/prismon/mcp-space-browser/pkg/database/database.go:609.2,610.26 2 1
github.com/prismon/mcp-space-browser/pkg/database/database.go:610.26,612.3 1 0
github.com/prismon/mcp-space-browser/pkg/database/database.go:614.2,615.34 2 1
github.com/prismon/mcp-space-browser/pkg/database/database.go:615.34,617.3 1 0
github.com/prismon/mcp-space-browser/pkg/database/database.go:619.2,620.17 2 1
github.com/prismon/mcp-space-browser/pkg/database/database.go:620.17,622.3 1 0
github.com/prismon/mcp-space-browser/pkg/database/database.go:624.2,627.25 2 1
github.com/prismon/mcp-space-browser/pkg/database/database.go:627.25,630.3 2 0
github.com/prismon/mcp-space-browser/pkg/database/database.go:632.2,633.16 2 1
github.com/prismon/mcp-space-browser/pkg/database/database.go:633.16,635.3 1 0
github.com/prismon/mcp-space-browser/pkg/database/database.go:636.2,640.27 4 1
github.com/prismon/mcp-space-browser/pkg/database/database.go:640.27,642.17 2 0
github.com/prismon/mcp-space-browser/pkg/database/database.go:642.17,644.4 1 0
github.com/prismon/mcp-space-browser/pkg/database/database.go:647.2,647.18 1 1
github.com/prismon/mcp-space-browser/pkg/database/database.go:647.18,651.142 3 1
github.com/prismon/mcp-space-browser/pkg/database/database.go:651.142,653.4 1 0
github.com/prismon/mcp-space-browser/pkg/database/database.go:655.3,655.19 1 1
github.com/prismon/mcp-space-browser/pkg/database/database.go:655.19,657.4 1 0
github.com/prismon/mcp-space-browser/pkg/database/database.go:660.3,660.57 1 1
github.com/prismon/mcp-space-browser/pkg/database/database.go:660.57,661.12 1 0
github.com/prismon/mcp-space-browser/pkg/database/database.go:664.3,664.36 1 1
github.com/prismon/mcp-space-browser/pkg/database/database.go:667.2,667.28 1 1
github.com/prismon/mcp-space-browser/pkg/database/database.go:671.106,675.17 3 1
github.com/prismon/mcp-space-browser/pkg/database/database.go:675.17,678.3 2 0
github.com/prismon/mcp-space-browser/pkg/database/database.go:680.2,681.16 2 1
github.com/prismon/mcp-space-browser/pkg/database/database.go:681.16,683.3 1 0
github.com/prismon/mcp-space-browser/pkg/database/database.go:685.2,686.16 2 1
github.com/prismon/mcp-space-browser/pkg/database/database.go:686.16,688.3 1 0
github.com/prismon/mcp-space-browser/pkg/database/database.go:690.2,696.16 5 1
github.com/prismon/mcp-space-browser/pkg/database/database.go:696.16,698.3 1 0
github.com/prismon/mcp-space-browser/pkg/database/database.go:699.2,702.18 3 1
github.com/prismon/mcp-space-browser/pkg/database/database.go:702.18,706.142 3 1
github.com/prismon/mcp-space-browser/pkg/database/database.go:706.142,708.4 1 0
github.com/prismon/mcp-space-browser/pkg/database/database.go:710.3,710.19 1 1
github.com/prismon/mcp-space-browser/pkg/database/database.go:710.19,712.4 1 0
github.com/prismon/mcp-space-browser/pkg/database/database.go:714.3,714.36 1 1
github.com/prismon/mcp-space-browser/pkg/database/database.go:717.2,717.28 1 1
github.com/prismon/mcp-space-browser/pkg/database/database.go:723.78,734.16 3 1
github.com/prismon/mcp-space-browser/pkg/database/database.go:734.16,736.3 1 0
github.com/prismon/mcp-space-browser/pkg/database/database.go:738.2,738.30 1 1
github.com/prismon/mcp-space-browser/pkg/database/database.go:742.77,749.26 4 1
github.com/prismon/mcp-space-browser/pkg/database/database.go:749.26,751.3 1 1
github.com/prismon/mcp-space-browser/pkg/database/database.go:752.2,752.16 1 1
github.com/prismon/mcp-space-browser/pkg/database/database.go:752.16,754.3 1 0
github.com/prismon/mcp-space-browser/pkg/database/database.go:756.2,756.23 1 1
github.com/prismon/mcp-space-browser/pkg/database/database.go:756.23,758.3 1 1
github.com/prismon/mcp-space-browser/pkg/database/database.go:759.2,759.24 1 1
github.com/prismon/mcp-space-browser/pkg/database/database.go:759.24,761.3 1 0
github.com/prismon/mcp-space-browser/pkg/database/database.go:763.2,763.18 1 1
github.com/prismon/mcp-space-browser/pkg/database/database.go:767.70,769.16 2 1
github.com/prismon/mcp-space-browser/pkg/database/database.go:769.16,771.3 1 0
github.com/prismon/mcp-space-browser/pkg/database/database.go:772.2,775.18 3 1
github.com/prismon/mcp-space-browser/pkg/database/database.go:775.18,779.135 3 1
github.com/prismon/mcp-space-browser/pkg/database/database.go:779.135,781.4 1 0
github.com/prismon/mcp-space-browser/pkg/database/database.go:783.3,783.24 1 1
github.com/prismon/mcp-space-browser/pkg/database/database.go:783.24,785.4 1 0
github.com/prismon/mcp-space-browser/pkg/database/database.go:786.3,786.25 1 1
github.com/prismon/mcp-space-browser/pkg/database/database.go:786.25,788.4 1 0
github.com/prismon/mcp-space-browser/pkg/database/database.go:790.3,790.28 1 1
github.com/prismon/mcp-space-browser/pkg/database/database.go:793.2,793.25 1 1
github.com/prismon/mcp-space-browser/pkg/database/database.go:797.56,801.2 3 1
github.com/prismon/mcp-space-browser/pkg/database/database.go:804.74,806.16 2 1
github.com/prismon/mcp-space-browser/pkg/database/database.go:806.16,808.3 1 0
github.com/prismon/mcp-space-browser/pkg/database/database.go:809.2,809.16 1 1
github.com/prismon/mcp-space-browser/pkg/database/database.go:809.16,811.3 1 0
github.com/prismon/mcp-space-browser/pkg/database/database.go:813.2,814.16 2 1
github.com/prismon/mcp-space-browser/pkg/database/database.go:814.16,816.3 1 0
github.com/prismon/mcp-space-browser/pkg/database/database.go:818.2,819.16 2 1
github.com/prismon/mcp-space-browser/pkg/database/database.go:819.16,822.3 2 0
github.com/prismon/mcp-space-browser/pkg/database/database.go:823.2,825.29 2 1
github.com/prismon/mcp-space-browser/pkg/database/database.go:825.29,826.52 1 1
github.com/prismon/mcp-space-browser/pkg/database/database.go:826.52,829.4 2 0
github.com/prismon/mcp-space-browser/pkg/database/database.go:833.2,833.120 1 1
github.com/prismon/mcp-space-browser/pkg/database/database.go:833.120,836.3 2 0
github.com/prismon/mcp-space-browser/pkg/database/database.go:838.2,838.36 1 1
github.com/prismon/mcp-space-browser/pkg/database/database.go:838.36,840.3 1 0
github.com/prismon/mcp-space-browser/pkg/database/database.go:842.2,847.12 2 1
github.com/prismon/mcp-space-browser/pkg/database/database.go:851.79,853.16 2 1
github.com/prismon/mcp-space-browser/pkg/database/database.go:853.16,855.3 1 0
github.com/prismon/mcp-space-browser/pkg/database/database.go:856.2,856.16 1 1
github.com/prismon/mcp-space-browser/pkg/database/database.go:856.16,858.3 1 0
github.com/prismon/mcp-space-browser/pkg/database/database.go:860.2,861.16 2 1
github.com/prismon/mcp-space-browser/pkg/database/database.go:861.16,863.3 1 0
github.com/prismon/mcp-space-browser/pkg/database/database.go:865.2,866.16 2 1
github.com/prismon/mcp-space-browser/pkg/database/database.go:866.16,869.3 2 0
github.com/prismon/mcp-space-browser/pkg/database/database.go:870.2,872.29 2 1
github.com/prismon/mcp-space-browser/pkg/database/database.go:872.29,873.52 1 1
github.com/prismon/mcp-space-browser/pkg/database/database.go:873.52,876.4 2 0
github.com/prismon/mcp-space-browser/pkg/database/database.go:880.2,880.120 1 1
github.com/prismon/mcp-space-browser/pkg/database/database.go:880.120,883.3 2 0
github.com/prismon/mcp-space-browser/pkg/database/database.go:885.2,885.36 1 1
github.com/prismon/mcp-space-browser/pkg/database/database.go:885.36,887.3 1 0
github.com/prismon/mcp-space-browser/pkg/database/database.go:889.2,894.12 2 1
github.com/prismon/mcp-space-browser/pkg/database/database.go:898.82,900.16 2 1
github.com/prismon/mcp-space-browser/pkg/database/database.go:900.16,902.3 1 0
github.com/prismon/mcp-space-browser/pkg/database/database.go:903.2,903.16 1 1
github.com/prismon/mcp-space-browser/pkg/database/database.go:903.16,905.3 1 1
github.com/prismon/mcp-space-browser/pkg/database/database.go:907.2,915.16 2 1
github.com/prismon/mcp-space-browser/pkg/database/database.go:915.16,917.3 1 0
github.com/prismon/mcp-space-browser/pkg/database/database.go:918.2,921.18 3 1
github.com/prismon/mcp-space-browser/pkg/database/database.go:921.18,925.142 3 1
github.com/prismon/mcp-space-browser/pkg/database/database.go:925.142,927.4 1 0
github.com/prismon/mcp-space-browser/pkg/database/database.go:929.3,929.19 1 1
github.com/prismon/mcp-space-browser/pkg/database/database.go:929.19,931.4 1 0
github.com/prismon/mcp-space-browser/pkg/database/database.go:933.3,933.36 1 1
github.com/prismon/mcp-space-browser/pkg/database/database.go:936.2,936.28 1 1
github.com/prismon/mcp-space-browser/pkg/database/database.go:942.66,950.16 3 1
github.com/prismon/mcp-space-browser/pkg/database/database.go:950.16,952.3 1 0
github.com/prismon/mcp-space-browser/pkg/database/database.go:954.2,954.30 1 1
github.com/prismon/mcp-space-browser/pkg/database/database.go:958.63,973.26 5 1
github.com/prismon/mcp-space-browser/pkg/database/database.go:973.26,975.3 1 1
github.com/prismon/mcp-space-browser/pkg/database/database.go:976.2,976.16 1 1
github.com/prismon/mcp-space-browser/pkg/database/database.go:976.16,978.3 1 0
github.com/prismon/mcp-space-browser/pkg/database/database.go:980.2,980.23 1 1
github.com/prismon/mcp-space-browser/pkg/database/database.go:980.23,982.3 1 1
github.com/prismon/mcp-space-browser/pkg/database/database.go:983.2,983.21 1 1
github.com/prismon/mcp-space-browser/pkg/database/database.go:983.21,985.3 1 0
github.com/prismon/mcp-space-browser/pkg/database/database.go:986.2,986.22 1 1
github.com/prismon/mcp-space-browser/pkg/database/database.go:986.22,988.3 1 0
github.com/prismon/mcp-space-browser/pkg/database/database.go:989.2,989.24 1 1
github.com/prismon/mcp-space-browser/pkg/database/database.go:989.24,991.3 1 1
github.com/prismon/mcp-space-browser/pkg/database/database.go:993.2,993.20 1 1
github.com/prismon/mcp-space-browser/pkg/database/database.go:997.57,1003.16 2 1
github.com/prismon/mcp-space-browser/pkg/database/database.go:1003.16,1005.3 1 0
github.com/prismon/mcp-space-browser/pkg/database/database.go:1006.2,1009.18 3 1
github.com/prismon/mcp-space-browser/pkg/database/database.go:1009.18,1018.17 4 1
github.com/prismon/mcp-space-browser/pkg/database/database.go:1018.17,1020.4 1 0
github.com/prismon/mcp-space-browser/pkg/database/database.go:1022.3,1022.24 1 1
github.com/prismon/mcp-space-browser/pkg/database/database.go:1022.24,1024.4 1 0
github.com/prismon/mcp-space-browser/pkg/database/database.go:1025.3,1025.22 1 1
github.com/prismon/mcp-space-browser/pkg/database/database.go:1025.22,1027.4 1 0
github.com/prismon/mcp-space-browser/pkg/database/database.go:1028.3,1028.23 1 1
github.com/prismon/mcp-space-browser/pkg/database/database.go:1028.23,1030.4 1 0
github.com/prismon/mcp-space-browser/pkg/database/database.go:1031.3,1031.25 1 1
github.com/prismon/mcp-space-browser/pkg/database/database.go:1031.25,1033.4 1 0
github.com/prismon/mcp-space-browser/pkg/database/database.go:1035.3,1035.36 1 1
github.com/prismon/mcp-space-browser/pkg/database/database.go:1038.2,1038.28 1 1
github.com/prismon/mcp-space-browser/pkg/database/database.go:1042.74,1044.16 2 1
github.com/prismon/mcp-space-browser/pkg/database/database.go:1044.16,1046.3 1 0
github.com/prismon/mcp-space-browser/pkg/database/database.go:1047.2,1047.18 1 1
github.com/prismon/mcp-space-browser/pkg/database/database.go:1047.18,1049.3 1 0
github.com/prismon/mcp-space-browser/pkg/database/database.go:1051.2,1054.73 3 1
github.com/prismon/mcp-space-browser/pkg/database/database.go:1054.73,1056.3 1 1
github.com/prismon/mcp-space-browser/pkg/database/database.go:1058.2,1066.16 6 1
github.com/prismon/mcp-space-browser/pkg/database/database.go:1066.16,1071.3 4 0
github.com/prismon/mcp-space-browser/pkg/database/database.go:1073.2,1089.21 3 1
github.com/prismon/mcp-space-browser/pkg/database/database.go:1093.74,1099.2 2 1
github.com/prismon/mcp-space-browser/pkg/database/database.go:1102.97,1112.15 3 1
github.com/prismon/mcp-space-browser/pkg/database/database.go:1112.15,1115.3 2 1
github.com/prismon/mcp-space-browser/pkg/database/database.go:1117.2,1118.16 2 1
github.com/prismon/mcp-space-browser/pkg/database/database.go:1118.16,1120.3 1 0
github.com/prismon/mcp-space-browser/pkg/database/database.go:1121.2,1124.18 3 1
github.com/prismon/mcp-space-browser/pkg/database/database.go:1124.18,1132.17 4 1
github.com/prismon/mcp-space-browser/pkg/database/database.go:1132.17,1134.4 1 0
github.com/prismon/mcp-space-browser/pkg/database/database.go:1136.3,1136.23 1 1
github.com/prismon/mcp-space-browser/pkg/database/database.go:1136.23,1139.4 2 1
github.com/prismon/mcp-space-browser/pkg/database/database.go:1140.3,1140.25 1 1
github.com/prismon/mcp-space-browser/pkg/database/database.go:1140.25,1143.4 2 1
github.com/prismon/mcp-space-browser/pkg/database/database.go:1144.3,1144.21 1 1
github.com/prismon/mcp-space-browser/pkg/database/database.go:1144.21,1146.4 1 0
github.com/prismon/mcp-space-browser/pkg/database/database.go:1148.3,1148.41 1 1
github.com/prismon/mcp-space-browser/pkg/database/database.go:1151.2,1151.31 1 1
github.com/prismon/mcp-space-browser/pkg/database/database.go:1155.49,1159.2 3 1
github.com/prismon/mcp-space-browser/pkg/database/database.go:1162.25,1164.2 1 1
github.com/prismon/mcp-space-browser/pkg/database/jobs.go:34.40,49.16 2 1
github.com/prismon/mcp-space-browser/pkg/database/jobs.go:49.16,51.3 1 0
github.com/prismon/mcp-space-browser/pkg/database/jobs.go:53.2,54.12 2 1
github.com/prismon/mcp-space-browser/pkg/database/jobs.go:58.93,60.21 2 1
github.com/prismon/mcp-space-browser/pkg/database/jobs.go:60.21,62.17 2 1
github.com/prismon/mcp-space-browser/pkg/database/jobs.go:62.17,64.4 1 0
github.com/prismon/mcp-space-browser/pkg/database/jobs.go:65.3,66.22 2 1
github.com/prismon/mcp-space-browser/pkg/database/jobs.go:69.2,74.16 2 1
github.com/prismon/mcp-space-browser/pkg/database/jobs.go:74.16,76.3 1 0
github.com/prismon/mcp-space-browser/pkg/database/jobs.go:78.2,79.16 2 1
github.com/prismon/mcp-space-browser/pkg/database/jobs.go:79.16,81.3 1 0
github.com/prismon/mcp-space-browser/pkg/database/jobs.go:83.2,88.16 2 1
github.com/prismon/mcp-space-browser/pkg/database/jobs.go:92.59,107.26 5 1
github.com/prismon/mcp-space-browser/pkg/database/jobs.go:107.26,109.3 1 1
github.com/prismon/mcp-space-browser/pkg/database/jobs.go:110.2,110.16 1 1
github.com/prismon/mcp-space-browser/pkg/database/jobs.go:110.16,112.3 1 0
github.com/prismon/mcp-space-browser/pkg/database/jobs.go:114.2,114.21 1 1
github.com/prismon/mcp-space-browser/pkg/database/jobs.go:114.21,116.3 1 1
github.com/prismon/mcp-space-browser/pkg/database/jobs.go:117.2,117.23 1 1
github.com/prismon/mcp-space-browser/pkg/database/jobs.go:117.23,119.3 1 1
github.com/prismon/mcp-space-browser/pkg/database/jobs.go:120.2,120.20 1 1
github.com/prismon/mcp-space-browser/pkg/database/jobs.go:120.20,122.3 1 1
github.com/prismon/mcp-space-browser/pkg/database/jobs.go:123.2,123.20 1 1
github.com/prismon/mcp-space-browser/pkg/database/jobs.go:123.20,125.3 1 1
github.com/prismon/mcp-space-browser/pkg/database/jobs.go:127.2,127.18 1 1
github.com/prismon/mcp-space-browser/pkg/database/jobs.go:131.88,135.74 3 1
github.com/prismon/mcp-space-browser/pkg/database/jobs.go:135.74,137.3 1 1
github.com/prismon/mcp-space-browser/pkg/database/jobs.go:139.2,145.16 2 1
github.com/prismon/mcp-space-browser/pkg/database/jobs.go:145.16,147.3 1 0
github.com/prismon/mcp-space-browser/pkg/database/jobs.go:149.2,154.12 2 1
github.com/prismon/mcp-space-browser/pkg/database/jobs.go:158.99,160.21 2 1
github.com/prismon/mcp-space-browser/pkg/database/jobs.go:160.21,162.17 2 1
github.com/prismon/mcp-space-browser/pkg/database/jobs.go:162.17,164.4 1 0
github.com/prismon/mcp-space-browser/pkg/database/jobs.go:165.3,166.22 2 1
github.com/prismon/mcp-space-browser/pkg/database/jobs.go:169.2,177.12 3 1
github.com/prismon/mcp-space-browser/pkg/database/jobs.go:181.48,190.16 3 1
github.com/prismon/mcp-space-browser/pkg/database/jobs.go:190.16,192.3 1 0
github.com/prismon/mcp-space-browser/pkg/database/jobs.go:194.2,196.12 2 1
github.com/prismon/mcp-space-browser/pkg/database/jobs.go:200.80,208.19 3 1
github.com/prismon/mcp-space-browser/pkg/database/jobs.go:208.19,211.3 2 1
github.com/prismon/mcp-space-browser/pkg/database/jobs.go:213.2,215.15 2 1
github.com/prismon/mcp-space-browser/pkg/database/jobs.go:215.15,218.3 2 1
github.com/prismon/mcp-space-browser/pkg/database/jobs.go:220.2,221.16 2 1
github.com/prismon/mcp-space-browser/pkg/database/jobs.go:221.16,223.3 1 0
github.com/prismon/mcp-space-browser/pkg/database/jobs.go:224.2,227.18 3 1
github.com/prismon/mcp-space-browser/pkg/database/jobs.go:227.18,236.17 4 1
github.com/prismon/mcp-space-browser/pkg/database/jobs.go:236.17,238.4 1 0
github.com/prismon/mcp-space-browser/pkg/database/jobs.go:240.3,240.22 1 1
github.com/prismon/mcp-space-browser/pkg/database/jobs.go:240.22,242.4 1 1
github.com/prismon/mcp-space-browser/pkg/database/jobs.go:243.3,243.24 1 1
github.com/prismon/mcp-space-browser/pkg/database/jobs.go:243.24,245.4 1 1
github.com/prismon/mcp-space-browser/pkg/database/jobs.go:246.3,246.21 1 1
github.com/prismon/mcp-space-browser/pkg/database/jobs.go:246.21,248.4 1 0
github.com/prismon/mcp-space-browser/pkg/database/jobs.go:249.3,249.21 1 1
github.com/prismon/mcp-space-browser/pkg/database/jobs.go:249.21,251.4 1 0
github.com/prismon/mcp-space-browser/pkg/database/jobs.go:253.3,253.28 1 1
github.com/prismon/mcp-space-browser/pkg/database/jobs.go:256.2,256.25 1 1
github.com/prismon/mcp-space-browser/pkg/database/jobs.go:260.49,262.16 2 1
github.com/prismon/mcp-space-browser/pkg/database/jobs.go:262.16,264.3 1 0
github.com/prismon/mcp-space-browser/pkg/database/jobs.go:266.2,268.12 2 1
github.com/prismon/mcp-space-browser/pkg/queue/queue.go:16.13,18.2 1 1
github.com/prismon/mcp-space-browser/pkg/queue/queue.go:57.64,69.2 2 1
github.com/prismon/mcp-space-browser/pkg/queue/queue.go:72.31,74.16 2 1
github.com/prismon/mcp-space-browser/pkg/queue/queue.go:74.16,77.3 2 0
github.com/prismon/mcp-space-browser/pkg/queue/queue.go:78.2,84.38 4 1
github.com/prismon/mcp-space-browser/pkg/queue/queue.go:84.38,87.3 2 1
github.com/prismon/mcp-space-browser/pkg/queue/queue.go:90.2,90.24 1 1
github.com/prismon/mcp-space-browser/pkg/queue/queue.go:94.38,100.6 4 1
github.com/prismon/mcp-space-browser/pkg/queue/queue.go:100.6,102.23 1 1
github.com/prismon/mcp-space-browser/pkg/queue/queue.go:102.23,104.11 2 1
github.com/prismon/mcp-space-browser/pkg/queue/queue.go:105.25,106.38 1 0
github.com/prismon/mcp-space-browser/pkg/queue/queue.go:107.25,109.11 2 0
github.com/prismon/mcp-space-browser/pkg/queue/queue.go:113.3,113.10 1 1
github.com/prismon/mcp-space-browser/pkg/queue/queue.go:114.29,115.11 1 1
github.com/prismon/mcp-space-browser/pkg/queue/queue.go:115.11,118.5 2 1
github.com/prismon/mcp-space-browser/pkg/queue/queue.go:120.4,120.48 1 1
github.com/prismon/mcp-space-browser/pkg/queue/queue.go:120.48,122.5 1 0
github.com/prismon/mcp-space-browser/pkg/queue/queue.go:124.4,134.11 4 1
github.com/prismon/mcp-space-browser/pkg/queue/queue.go:135.30,135.30 0 1
github.com/prismon/mcp-space-browser/pkg/queue/queue.go:136.25,138.11 2 0
github.com/prismon/mcp-space-browser/pkg/queue/queue.go:141.24,143.10 2 0
github.com/prismon/mcp-space-browser/pkg/queue/queue.go:149.40,150.33 1 1
github.com/prismon/mcp-space-browser/pkg/queue/queue.go:150.33,153.26 2 1
github.com/prismon/mcp-space-browser/pkg/queue/queue.go:153.26,159.4 2 1
github.com/prismon/mcp-space-browser/pkg/queue/queue.go:159.9,160.48 1 1
github.com/prismon/mcp-space-browser/pkg/queue/queue.go:160.48,162.5 1 0
github.com/prismon/mcp-space-browser/pkg/queue/queue.go:168.45,169.22 1 1
github.com/prismon/mcp-space-browser/pkg/queue/queue.go:169.22,171.3 1 0
github.com/prismon/mcp-space-browser/pkg/queue/queue.go:174.2,176.9 2 1
github.com/prismon/mcp-space-browser/pkg/queue/queue.go:177.22,179.47 2 1
github.com/prismon/mcp-space-browser/pkg/queue/queue.go:179.47,181.4 1 0
github.com/prismon/mcp-space-browser/pkg/queue/queue.go:182.3,182.13 1 1
github.com/prismon/mcp-space-browser/pkg/queue/queue.go:183.23,185.52 2 0
github.com/prismon/mcp-space-browser/pkg/queue/queue.go:186.10,188.41 2 0
github.com/prismon/mcp-space-browser/pkg/queue/queue.go:193.31,194.27 1 1
github.com/prismon/mcp-space-browser/pkg/queue/queue.go:194.27,197.3 2 1
github.com/prismon/mcp-space-browser/pkg/queue/queue.go:201.32,202.27 1 1
github.com/prismon/mcp-space-browser/pkg/queue/queue.go:202.27,206.3 3 1
github.com/prismon/mcp-space-browser/pkg/queue/queue.go:210.30,223.2 5 1
github.com/prismon/mcp-space-browser/pkg/queue/queue.go:226.32,231.2 4 0
github.com/prismon/mcp-space-browser/pkg/queue/queue.go:234.30,249.2 5 1
github.com/prismon/mcp-space-browser/pkg/queue/queue.go:252.47,260.2 1 1
github.com/prismon/mcp-space-browser/pkg/queue/queue.go:281.102,288.23 2 0
github.com/prismon/mcp-space-browser/pkg/queue/queue.go:288.23,289.56 1 0
github.com/prismon/mcp-space-browser/pkg/queue/queue.go:289.56,291.4 1 0
github.com/prismon/mcp-space-browser/pkg/queue/queue.go:294.2,294.11 1 0
github.com/prismon/mcp-space-browser/pkg/queue/queue.go:298.46,304.35 4 0
github.com/prismon/mcp-space-browser/pkg/queue/queue.go:304.35,306.3 1 0
github.com/prismon/mcp-space-browser/pkg/queue/queue.go:308.2,308.12 1 0
github.com/prismon/mcp-space-browser/pkg/queue/queue.go:312.41,316.2 3 0
github.com/prismon/mcp-space-browser/pkg/queue/queue.go:318.47,319.24 1 0
github.com/prismon/mcp-space-browser/pkg/queue/queue.go:319.24,321.3 1 0
github.com/prismon/mcp-space-browser/pkg/queue/queue.go:323.2,323.31 1 0
github.com/prismon/mcp-space-browser/pkg/queue/queue.go:323.31,324.45 1 0
github.com/prismon/mcp-space-browser/pkg/queue/queue.go:324.45,326.4 1 0
github.com/prismon/mcp-space-browser/pkg/queue/queue.go:329.2,332.26 2 0
github.com/prismon/mcp-space-browser/pkg/queue/queue.go:332.26,334.3 1 0
github.com/prismon/mcp-space-browser/pkg/queue/queue.go:336.2,336.12 1 0
